[ 2016-08-09T22:56:07+08:00 ] ::1 /?action=login
INFO: [ app_init ] --START--
INFO: Run Behavior\BuildLiteBehavior [ RunTime:0.000000s ]
INFO: [ app_init ] --END-- [ RunTime:0.033504s ]
INFO: [ app_begin ] --START--
INFO: Run Behavior\ReadHtmlCacheBehavior [ RunTime:0.000500s ]
INFO: [ app_begin ] --END-- [ RunTime:0.000500s ]
SQL: select * from att_userinfo where userid='wj1' [ RunTime:0.0675s ]
INFO: [ app_end ] --START--
INFO: Run Behavior\ShowPageTraceBehavior [ RunTime:0.001000s ]
INFO: [ app_end ] --END-- [ RunTime:0.001500s ]

[ 2016-08-09T22:56:12+08:00 ] ::1 /?action=login
INFO: [ app_init ] --START--
INFO: Run Behavior\BuildLiteBehavior [ RunTime:0.000000s ]
INFO: [ app_init ] --END-- [ RunTime:0.001000s ]
INFO: [ app_begin ] --START--
INFO: Run Behavior\ReadHtmlCacheBehavior [ RunTime:0.001000s ]
INFO: [ app_begin ] --END-- [ RunTime:0.001000s ]
SQL: select * from att_userinfo where userid='llc73' [ RunTime:0.0065s ]
NOTIC: [8] A session had already been started - ignoring session_start() F:\webapp\Application\Home\Controller\IndexController.class.php 第 374 行.
INFO: [ app_end ] --START--
INFO: Run Behavior\ShowPageTraceBehavior [ RunTime:0.000500s ]
INFO: [ app_end ] --END-- [ RunTime:0.000500s ]

[ 2016-08-09T22:56:12+08:00 ] ::1 /?action=addWeixinInfo
INFO: [ app_init ] --START--
INFO: Run Behavior\BuildLiteBehavior [ RunTime:0.000000s ]
INFO: [ app_init ] --END-- [ RunTime:0.001000s ]
INFO: [ app_begin ] --START--
INFO: Run Behavior\ReadHtmlCacheBehavior [ RunTime:0.001000s ]
INFO: [ app_begin ] --END-- [ RunTime:0.001000s ]
SQL: select * from att_userinfo where userid='llc73' [ RunTime:0.0055s ]

[ 2016-08-09T22:56:12+08:00 ] ::1 /?action=getInfoByUserid
INFO: [ app_init ] --START--
INFO: Run Behavior\BuildLiteBehavior [ RunTime:0.000000s ]
INFO: [ app_init ] --END-- [ RunTime:0.000000s ]
INFO: [ app_begin ] --START--
INFO: Run Behavior\ReadHtmlCacheBehavior [ RunTime:0.000500s ]
INFO: [ app_begin ] --END-- [ RunTime:0.000500s ]
SQL: SELECT att_userinfo.headimgurl,att_userinfo.cardid, att_userinfo.name, DEPARTMENTS.DEPTNAME AS deptname, att_userinfo.password, att_userinfo.userid FROM att_userinfo INNER JOIN DEPARTMENTS ON att_userinfo.departid = DEPARTMENTS.DEPTID where att_userinfo.userid='llc73' [ RunTime:0.0070s ]
INFO: [ app_end ] --START--
INFO: Run Behavior\ShowPageTraceBehavior [ RunTime:0.000500s ]
INFO: [ app_end ] --END-- [ RunTime:0.000500s ]

[ 2016-08-09T22:56:23+08:00 ] ::1 /?action=login
INFO: [ app_init ] --START--
INFO: Run Behavior\BuildLiteBehavior [ RunTime:0.000000s ]
INFO: [ app_init ] --END-- [ RunTime:0.000500s ]
INFO: [ app_begin ] --START--
INFO: Run Behavior\ReadHtmlCacheBehavior [ RunTime:0.001001s ]
INFO: [ app_begin ] --END-- [ RunTime:0.001001s ]
SQL: select * from att_userinfo where userid='wj1' [ RunTime:0.0055s ]
INFO: [ app_end ] --START--
INFO: Run Behavior\ShowPageTraceBehavior [ RunTime:0.000500s ]
INFO: [ app_end ] --END-- [ RunTime:0.001000s ]

[ 2016-08-09T22:56:30+08:00 ] ::1 /?action=login
INFO: [ app_init ] --START--
INFO: Run Behavior\BuildLiteBehavior [ RunTime:0.000000s ]
INFO: [ app_init ] --END-- [ RunTime:0.000500s ]
INFO: [ app_begin ] --START--
INFO: Run Behavior\ReadHtmlCacheBehavior [ RunTime:0.000500s ]
INFO: [ app_begin ] --END-- [ RunTime:0.000500s ]
SQL: select * from att_userinfo where userid='cjn52' [ RunTime:0.0055s ]
NOTIC: [8] A session had already been started - ignoring session_start() F:\webapp\Application\Home\Controller\IndexController.class.php 第 374 行.
INFO: [ app_end ] --START--
INFO: Run Behavior\ShowPageTraceBehavior [ RunTime:0.000500s ]
INFO: [ app_end ] --END-- [ RunTime:0.000500s ]

[ 2016-08-09T22:56:30+08:00 ] ::1 /?action=addWeixinInfo
INFO: [ app_init ] --START--
INFO: Run Behavior\BuildLiteBehavior [ RunTime:0.000000s ]
INFO: [ app_init ] --END-- [ RunTime:0.001000s ]
INFO: [ app_begin ] --START--
INFO: Run Behavior\ReadHtmlCacheBehavior [ RunTime:0.001501s ]
INFO: [ app_begin ] --END-- [ RunTime:0.001501s ]
SQL: select * from att_userinfo where userid='cjn52' [ RunTime:0.0080s ]

[ 2016-08-09T22:56:30+08:00 ] ::1 /?action=getInfoByUserid
INFO: [ app_init ] --START--
INFO: Run Behavior\BuildLiteBehavior [ RunTime:0.000000s ]
INFO: [ app_init ] --END-- [ RunTime:0.000500s ]
INFO: [ app_begin ] --START--
INFO: Run Behavior\ReadHtmlCacheBehavior [ RunTime:0.000500s ]
INFO: [ app_begin ] --END-- [ RunTime:0.000500s ]
SQL: SELECT att_userinfo.headimgurl,att_userinfo.cardid, att_userinfo.name, DEPARTMENTS.DEPTNAME AS deptname, att_userinfo.password, att_userinfo.userid FROM att_userinfo INNER JOIN DEPARTMENTS ON att_userinfo.departid = DEPARTMENTS.DEPTID where att_userinfo.userid='cjn52' [ RunTime:0.0075s ]
INFO: [ app_end ] --START--
INFO: Run Behavior\ShowPageTraceBehavior [ RunTime:0.000500s ]
INFO: [ app_end ] --END-- [ RunTime:0.001000s ]

[ 2016-08-09T22:56:39+08:00 ] ::1 /?action=login
INFO: [ app_init ] --START--
INFO: Run Behavior\BuildLiteBehavior [ RunTime:0.000000s ]
INFO: [ app_init ] --END-- [ RunTime:0.000500s ]
INFO: [ app_begin ] --START--
INFO: Run Behavior\ReadHtmlCacheBehavior [ RunTime:0.000500s ]
INFO: [ app_begin ] --END-- [ RunTime:0.001000s ]
SQL: select * from att_userinfo where userid='dz66' [ RunTime:0.0050s ]
NOTIC: [8] A session had already been started - ignoring session_start() F:\webapp\Application\Home\Controller\IndexController.class.php 第 374 行.
INFO: [ app_end ] --START--
INFO: Run Behavior\ShowPageTraceBehavior [ RunTime:0.000500s ]
INFO: [ app_end ] --END-- [ RunTime:0.000500s ]

[ 2016-08-09T22:56:39+08:00 ] ::1 /?action=addWeixinInfo
INFO: [ app_init ] --START--
INFO: Run Behavior\BuildLiteBehavior [ RunTime:0.000000s ]
INFO: [ app_init ] --END-- [ RunTime:0.000500s ]
INFO: [ app_begin ] --START--
INFO: Run Behavior\ReadHtmlCacheBehavior [ RunTime:0.001501s ]
INFO: [ app_begin ] --END-- [ RunTime:0.001501s ]
SQL: select * from att_userinfo where userid='dz66' [ RunTime:0.0055s ]

[ 2016-08-09T22:56:39+08:00 ] ::1 /?action=getInfoByUserid
INFO: [ app_init ] --START--
INFO: Run Behavior\BuildLiteBehavior [ RunTime:0.000000s ]
INFO: [ app_init ] --END-- [ RunTime:0.000500s ]
INFO: [ app_begin ] --START--
INFO: Run Behavior\ReadHtmlCacheBehavior [ RunTime:0.000500s ]
INFO: [ app_begin ] --END-- [ RunTime:0.000500s ]
SQL: SELECT att_userinfo.headimgurl,att_userinfo.cardid, att_userinfo.name, DEPARTMENTS.DEPTNAME AS deptname, att_userinfo.password, att_userinfo.userid FROM att_userinfo INNER JOIN DEPARTMENTS ON att_userinfo.departid = DEPARTMENTS.DEPTID where att_userinfo.userid='dz66' [ RunTime:0.0055s ]
INFO: [ app_end ] --START--
INFO: Run Behavior\ShowPageTraceBehavior [ RunTime:0.001500s ]
INFO: [ app_end ] --END-- [ RunTime:0.001500s ]

[ 2016-08-09T22:57:18+08:00 ] ::1 /?action=login
INFO: [ app_init ] --START--
INFO: Run Behavior\BuildLiteBehavior [ RunTime:0.000000s ]
INFO: [ app_init ] --END-- [ RunTime:0.001000s ]
INFO: [ app_begin ] --START--
INFO: Run Behavior\ReadHtmlCacheBehavior [ RunTime:0.001000s ]
INFO: [ app_begin ] --END-- [ RunTime:0.001500s ]
SQL: select * from att_userinfo where userid='dz66' [ RunTime:0.0055s ]
NOTIC: [8] A session had already been started - ignoring session_start() F:\webapp\Application\Home\Controller\IndexController.class.php 第 374 行.
INFO: [ app_end ] --START--
INFO: Run Behavior\ShowPageTraceBehavior [ RunTime:0.000500s ]
INFO: [ app_end ] --END-- [ RunTime:0.000500s ]

[ 2016-08-09T22:57:18+08:00 ] ::1 /?action=addWeixinInfo
INFO: [ app_init ] --START--
INFO: Run Behavior\BuildLiteBehavior [ RunTime:0.000000s ]
INFO: [ app_init ] --END-- [ RunTime:0.000500s ]
INFO: [ app_begin ] --START--
INFO: Run Behavior\ReadHtmlCacheBehavior [ RunTime:0.001000s ]
INFO: [ app_begin ] --END-- [ RunTime:0.001500s ]
SQL: select * from att_userinfo where userid='dz66' [ RunTime:0.0060s ]

[ 2016-08-09T22:57:18+08:00 ] ::1 /?action=getInfoByUserid
INFO: [ app_init ] --START--
INFO: Run Behavior\BuildLiteBehavior [ RunTime:0.000000s ]
INFO: [ app_init ] --END-- [ RunTime:0.000500s ]
INFO: [ app_begin ] --START--
INFO: Run Behavior\ReadHtmlCacheBehavior [ RunTime:0.000500s ]
INFO: [ app_begin ] --END-- [ RunTime:0.000500s ]
SQL: SELECT att_userinfo.headimgurl,att_userinfo.cardid, att_userinfo.name, DEPARTMENTS.DEPTNAME AS deptname, att_userinfo.password, att_userinfo.userid FROM att_userinfo INNER JOIN DEPARTMENTS ON att_userinfo.departid = DEPARTMENTS.DEPTID where att_userinfo.userid='dz66' [ RunTime:0.0075s ]
INFO: [ app_end ] --START--
INFO: Run Behavior\ShowPageTraceBehavior [ RunTime:0.000501s ]
INFO: [ app_end ] --END-- [ RunTime:0.000501s ]

[ 2016-08-09T22:57:20+08:00 ] ::1 /?action=getAttRank&userid
INFO: [ app_init ] --START--
INFO: Run Behavior\BuildLiteBehavior [ RunTime:0.000000s ]
INFO: [ app_init ] --END-- [ RunTime:0.000500s ]
INFO: [ app_begin ] --START--
INFO: Run Behavior\ReadHtmlCacheBehavior [ RunTime:0.000500s ]
INFO: [ app_begin ] --END-- [ RunTime:0.000500s ]
SQL: select count(*) as count from att_userinfo where userid='dz66' [ RunTime:0.0040s ]
SQL: select att_check.id, att_check.cardid, att_check.checkam, att_check.likeam, att_check.likeam_name, att_check.checkpm, 
                att_check.likepm, att_check.likepm_name, att_check.privilege, att_userinfo.name, att_userinfo.sign, 
                att_userinfo.departid, att_userinfo.userid, att_userinfo.qq, att_userinfo.portraiturl, att_userinfo.mark
FROM      att_userinfo INNER JOIN
                att_check ON att_userinfo.cardid = att_check.cardid where att_check.cardid=66 and att_check.checkam between '2016-8-9 00:00:00' and '2016-08-10 00:00:00' [ RunTime:0.0145s ]
SQL: Select * From (Select rank=Row_number() Over(order By checkam asc),* From att_check Where att_check.checkam between '2016-8-9 00:00:00' and '2016-08-10 00:00:00'  ) A where cardid=66 [ RunTime:0.0065s ]
SQL: select top(15) att_check.id, att_check.cardid, att_check.checkam, att_check.likeam, att_check.likeam_name, att_check.checkpm, 
                att_check.likepm, att_check.likepm_name, att_check.privilege, att_userinfo.name, att_userinfo.sign, 
                att_userinfo.departid, att_userinfo.userid, att_userinfo.qq, att_userinfo.portraiturl, att_userinfo.mark
FROM      att_userinfo INNER JOIN
                att_check ON att_userinfo.cardid = att_check.cardid where att_check.checkam between '2016-8-9 00:00:00' and '2016-08-10 00:00:00' order by att_check.checkam; [ RunTime:0.0165s ]

[ 2016-08-09T22:57:22+08:00 ] ::1 /?action=getInfoByUserid
INFO: [ app_init ] --START--
INFO: Run Behavior\BuildLiteBehavior [ RunTime:0.000000s ]
INFO: [ app_init ] --END-- [ RunTime:0.001500s ]
INFO: [ app_begin ] --START--
INFO: Run Behavior\ReadHtmlCacheBehavior [ RunTime:0.001000s ]
INFO: [ app_begin ] --END-- [ RunTime:0.001000s ]
SQL: SELECT att_userinfo.headimgurl,att_userinfo.cardid, att_userinfo.name, DEPARTMENTS.DEPTNAME AS deptname, att_userinfo.password, att_userinfo.userid FROM att_userinfo INNER JOIN DEPARTMENTS ON att_userinfo.departid = DEPARTMENTS.DEPTID where att_userinfo.userid='dz66' [ RunTime:0.0100s ]
INFO: [ app_end ] --START--
INFO: Run Behavior\ShowPageTraceBehavior [ RunTime:0.002501s ]
INFO: [ app_end ] --END-- [ RunTime:0.002501s ]

[ 2016-08-09T22:57:25+08:00 ] ::1 /?action=login
INFO: [ app_init ] --START--
INFO: Run Behavior\BuildLiteBehavior [ RunTime:0.000000s ]
INFO: [ app_init ] --END-- [ RunTime:0.000500s ]
INFO: [ app_begin ] --START--
INFO: Run Behavior\ReadHtmlCacheBehavior [ RunTime:0.000500s ]
INFO: [ app_begin ] --END-- [ RunTime:0.000500s ]
SQL: select * from att_userinfo where userid='dz66' [ RunTime:0.0065s ]
NOTIC: [8] A session had already been started - ignoring session_start() F:\webapp\Application\Home\Controller\IndexController.class.php 第 374 行.
INFO: [ app_end ] --START--
INFO: Run Behavior\ShowPageTraceBehavior [ RunTime:0.000500s ]
INFO: [ app_end ] --END-- [ RunTime:0.000500s ]

[ 2016-08-09T22:57:25+08:00 ] ::1 /?action=addWeixinInfo
INFO: [ app_init ] --START--
INFO: Run Behavior\BuildLiteBehavior [ RunTime:0.000000s ]
INFO: [ app_init ] --END-- [ RunTime:0.000000s ]
INFO: [ app_begin ] --START--
INFO: Run Behavior\ReadHtmlCacheBehavior [ RunTime:0.000000s ]
INFO: [ app_begin ] --END-- [ RunTime:0.000500s ]
SQL: select * from att_userinfo where userid='dz66' [ RunTime:0.0050s ]

[ 2016-08-09T22:57:25+08:00 ] ::1 /?action=getInfoByUserid
INFO: [ app_init ] --START--
INFO: Run Behavior\BuildLiteBehavior [ RunTime:0.000000s ]
INFO: [ app_init ] --END-- [ RunTime:0.001000s ]
INFO: [ app_begin ] --START--
INFO: Run Behavior\ReadHtmlCacheBehavior [ RunTime:0.001000s ]
INFO: [ app_begin ] --END-- [ RunTime:0.001000s ]
SQL: SELECT att_userinfo.headimgurl,att_userinfo.cardid, att_userinfo.name, DEPARTMENTS.DEPTNAME AS deptname, att_userinfo.password, att_userinfo.userid FROM att_userinfo INNER JOIN DEPARTMENTS ON att_userinfo.departid = DEPARTMENTS.DEPTID where att_userinfo.userid='dz66' [ RunTime:0.0050s ]
INFO: [ app_end ] --START--
INFO: Run Behavior\ShowPageTraceBehavior [ RunTime:0.001500s ]
INFO: [ app_end ] --END-- [ RunTime:0.001500s ]

[ 2016-08-09T22:57:27+08:00 ] ::1 /?action=getInfoByUserid
INFO: [ app_init ] --START--
INFO: Run Behavior\BuildLiteBehavior [ RunTime:0.000500s ]
INFO: [ app_init ] --END-- [ RunTime:0.001000s ]
INFO: [ app_begin ] --START--
INFO: Run Behavior\ReadHtmlCacheBehavior [ RunTime:0.000500s ]
INFO: [ app_begin ] --END-- [ RunTime:0.001000s ]
SQL: SELECT att_userinfo.headimgurl,att_userinfo.cardid, att_userinfo.name, DEPARTMENTS.DEPTNAME AS deptname, att_userinfo.password, att_userinfo.userid FROM att_userinfo INNER JOIN DEPARTMENTS ON att_userinfo.departid = DEPARTMENTS.DEPTID where att_userinfo.userid='dz66' [ RunTime:0.0060s ]
INFO: [ app_end ] --START--
INFO: Run Behavior\ShowPageTraceBehavior [ RunTime:0.001000s ]
INFO: [ app_end ] --END-- [ RunTime:0.001000s ]

[ 2016-08-09T22:57:29+08:00 ] ::1 /?action=getInfoByUserid
INFO: [ app_init ] --START--
INFO: Run Behavior\BuildLiteBehavior [ RunTime:0.000000s ]
INFO: [ app_init ] --END-- [ RunTime:0.000500s ]
INFO: [ app_begin ] --START--
INFO: Run Behavior\ReadHtmlCacheBehavior [ RunTime:0.003000s ]
INFO: [ app_begin ] --END-- [ RunTime:0.003500s ]
SQL: SELECT att_userinfo.headimgurl,att_userinfo.cardid, att_userinfo.name, DEPARTMENTS.DEPTNAME AS deptname, att_userinfo.password, att_userinfo.userid FROM att_userinfo INNER JOIN DEPARTMENTS ON att_userinfo.departid = DEPARTMENTS.DEPTID where att_userinfo.userid='dz66' [ RunTime:0.0060s ]
INFO: [ app_end ] --START--
INFO: Run Behavior\ShowPageTraceBehavior [ RunTime:0.000500s ]
INFO: [ app_end ] --END-- [ RunTime:0.000500s ]

[ 2016-08-09T22:57:49+08:00 ] ::1 /?action=login
INFO: [ app_init ] --START--
INFO: Run Behavior\BuildLiteBehavior [ RunTime:0.000000s ]
INFO: [ app_init ] --END-- [ RunTime:0.001000s ]
INFO: [ app_begin ] --START--
INFO: Run Behavior\ReadHtmlCacheBehavior [ RunTime:0.001000s ]
INFO: [ app_begin ] --END-- [ RunTime:0.001000s ]
SQL: select * from att_userinfo where userid='cj63' [ RunTime:0.0065s ]
INFO: [ app_end ] --START--
INFO: Run Behavior\ShowPageTraceBehavior [ RunTime:0.000500s ]
INFO: [ app_end ] --END-- [ RunTime:0.001000s ]

[ 2016-08-09T22:57:53+08:00 ] ::1 /?action=login
INFO: [ app_init ] --START--
INFO: Run Behavior\BuildLiteBehavior [ RunTime:0.000000s ]
INFO: [ app_init ] --END-- [ RunTime:0.002500s ]
INFO: [ app_begin ] --START--
INFO: Run Behavior\ReadHtmlCacheBehavior [ RunTime:0.001000s ]
INFO: [ app_begin ] --END-- [ RunTime:0.001000s ]
SQL: select * from att_userinfo where userid='cj63' [ RunTime:0.0050s ]
NOTIC: [8] A session had already been started - ignoring session_start() F:\webapp\Application\Home\Controller\IndexController.class.php 第 374 行.
INFO: [ app_end ] --START--
INFO: Run Behavior\ShowPageTraceBehavior [ RunTime:0.000500s ]
INFO: [ app_end ] --END-- [ RunTime:0.000500s ]

[ 2016-08-09T22:57:53+08:00 ] ::1 /?action=addWeixinInfo
INFO: [ app_init ] --START--
INFO: Run Behavior\BuildLiteBehavior [ RunTime:0.000000s ]
INFO: [ app_init ] --END-- [ RunTime:0.000500s ]
INFO: [ app_begin ] --START--
INFO: Run Behavior\ReadHtmlCacheBehavior [ RunTime:0.000500s ]
INFO: [ app_begin ] --END-- [ RunTime:0.000500s ]
SQL: select * from att_userinfo where userid='cj63' [ RunTime:0.0080s ]
SQL: update att_userinfo set headimgurl='null',nickname='null',sex=1,country='null',province='null',city='null' where userid='cj63' [ RunTime:0.0065s ]

[ 2016-08-09T22:57:53+08:00 ] ::1 /?action=getInfoByUserid
INFO: [ app_init ] --START--
INFO: Run Behavior\BuildLiteBehavior [ RunTime:0.000000s ]
INFO: [ app_init ] --END-- [ RunTime:0.000501s ]
INFO: [ app_begin ] --START--
INFO: Run Behavior\ReadHtmlCacheBehavior [ RunTime:0.001000s ]
INFO: [ app_begin ] --END-- [ RunTime:0.001000s ]
SQL: SELECT att_userinfo.headimgurl,att_userinfo.cardid, att_userinfo.name, DEPARTMENTS.DEPTNAME AS deptname, att_userinfo.password, att_userinfo.userid FROM att_userinfo INNER JOIN DEPARTMENTS ON att_userinfo.departid = DEPARTMENTS.DEPTID where att_userinfo.userid='cj63' [ RunTime:0.0135s ]
INFO: [ app_end ] --START--
INFO: Run Behavior\ShowPageTraceBehavior [ RunTime:0.001000s ]
INFO: [ app_end ] --END-- [ RunTime:0.001000s ]

[ 2016-08-09T22:58:02+08:00 ] ::1 /?action=login
INFO: [ app_init ] --START--
INFO: Run Behavior\BuildLiteBehavior [ RunTime:0.000000s ]
INFO: [ app_init ] --END-- [ RunTime:0.000500s ]
INFO: [ app_begin ] --START--
INFO: Run Behavior\ReadHtmlCacheBehavior [ RunTime:0.000500s ]
INFO: [ app_begin ] --END-- [ RunTime:0.000500s ]
SQL: select * from att_userinfo where userid='llc73' [ RunTime:0.0055s ]
NOTIC: [8] A session had already been started - ignoring session_start() F:\webapp\Application\Home\Controller\IndexController.class.php 第 374 行.
INFO: [ app_end ] --START--
INFO: Run Behavior\ShowPageTraceBehavior [ RunTime:0.000500s ]
INFO: [ app_end ] --END-- [ RunTime:0.000500s ]

[ 2016-08-09T22:58:02+08:00 ] ::1 /?action=addWeixinInfo
INFO: [ app_init ] --START--
INFO: Run Behavior\BuildLiteBehavior [ RunTime:0.000000s ]
INFO: [ app_init ] --END-- [ RunTime:0.000501s ]
INFO: [ app_begin ] --START--
INFO: Run Behavior\ReadHtmlCacheBehavior [ RunTime:0.003500s ]
INFO: [ app_begin ] --END-- [ RunTime:0.003500s ]
SQL: select * from att_userinfo where userid='llc73' [ RunTime:0.0045s ]

[ 2016-08-09T22:58:02+08:00 ] ::1 /?action=getInfoByUserid
INFO: [ app_init ] --START--
INFO: Run Behavior\BuildLiteBehavior [ RunTime:0.000000s ]
INFO: [ app_init ] --END-- [ RunTime:0.001001s ]
INFO: [ app_begin ] --START--
INFO: Run Behavior\ReadHtmlCacheBehavior [ RunTime:0.001000s ]
INFO: [ app_begin ] --END-- [ RunTime:0.001000s ]
SQL: SELECT att_userinfo.headimgurl,att_userinfo.cardid, att_userinfo.name, DEPARTMENTS.DEPTNAME AS deptname, att_userinfo.password, att_userinfo.userid FROM att_userinfo INNER JOIN DEPARTMENTS ON att_userinfo.departid = DEPARTMENTS.DEPTID where att_userinfo.userid='llc73' [ RunTime:0.0040s ]
INFO: [ app_end ] --START--
INFO: Run Behavior\ShowPageTraceBehavior [ RunTime:0.001500s ]
INFO: [ app_end ] --END-- [ RunTime:0.001500s ]

[ 2016-08-09T22:59:56+08:00 ] ::1 /?action=login
INFO: [ app_init ] --START--
INFO: Run Behavior\BuildLiteBehavior [ RunTime:0.000000s ]
INFO: [ app_init ] --END-- [ RunTime:0.001000s ]
INFO: [ app_begin ] --START--
INFO: Run Behavior\ReadHtmlCacheBehavior [ RunTime:0.001000s ]
INFO: [ app_begin ] --END-- [ RunTime:0.001000s ]
SQL: select * from att_userinfo where userid='rmj27' [ RunTime:0.0075s ]
NOTIC: [8] A session had already been started - ignoring session_start() F:\webapp\Application\Home\Controller\IndexController.class.php 第 374 行.
INFO: [ app_end ] --START--
INFO: Run Behavior\ShowPageTraceBehavior [ RunTime:0.001001s ]
INFO: [ app_end ] --END-- [ RunTime:0.001001s ]

[ 2016-08-09T22:59:56+08:00 ] ::1 /?action=addWeixinInfo
INFO: [ app_init ] --START--
INFO: Run Behavior\BuildLiteBehavior [ RunTime:0.000000s ]
INFO: [ app_init ] --END-- [ RunTime:0.001000s ]
INFO: [ app_begin ] --START--
INFO: Run Behavior\ReadHtmlCacheBehavior [ RunTime:0.001001s ]
INFO: [ app_begin ] --END-- [ RunTime:0.001001s ]
SQL: select * from att_userinfo where userid='rmj27' [ RunTime:0.0050s ]
SQL: update att_userinfo set headimgurl='null',nickname='null',sex=1,country='null',province='null',city='null' where userid='rmj27' [ RunTime:0.0160s ]

[ 2016-08-09T23:00:03+08:00 ] ::1 /index.php/Home/User/modifyPw
INFO: [ app_init ] --START--
INFO: Run Behavior\BuildLiteBehavior [ RunTime:0.000000s ]
INFO: [ app_init ] --END-- [ RunTime:0.000500s ]
INFO: [ app_begin ] --START--
INFO: Run Behavior\ReadHtmlCacheBehavior [ RunTime:0.001001s ]
INFO: [ app_begin ] --END-- [ RunTime:0.001001s ]
SQL: SELECT dbo.att_userinfo.password FROM dbo.att_userinfo WHERE dbo.att_userinfo.userid = 'rmj27'  [ RunTime:0.0065s ]
SQL: update att_userinfo set password='123' where userid='rmj27'  [ RunTime:0.0085s ]

[ 2016-08-09T23:00:04+08:00 ] ::1 /?action=getInfoByUserid
INFO: [ app_init ] --START--
INFO: Run Behavior\BuildLiteBehavior [ RunTime:0.000000s ]
INFO: [ app_init ] --END-- [ RunTime:0.000500s ]
INFO: [ app_begin ] --START--
INFO: Run Behavior\ReadHtmlCacheBehavior [ RunTime:0.001000s ]
INFO: [ app_begin ] --END-- [ RunTime:0.001000s ]
SQL: SELECT att_userinfo.nickname,att_userinfo.sex,att_userinfo.country,att_userinfo.province,att_userinfo.city,att_userinfo.headimgurl,att_userinfo.cardid, att_userinfo.name, DEPARTMENTS.DEPTNAME AS deptname, att_userinfo.password, att_userinfo.userid FROM att_userinfo INNER JOIN DEPARTMENTS ON att_userinfo.departid = DEPARTMENTS.DEPTID where att_userinfo.userid='rmj27' [ RunTime:0.0115s ]
INFO: [ app_end ] --START--
INFO: Run Behavior\ShowPageTraceBehavior [ RunTime:0.000500s ]
INFO: [ app_end ] --END-- [ RunTime:0.001000s ]

