[ 2016-08-15T16:42:19+08:00 ] ::1 /index.php/Home/User/?action=privilege_list
INFO: [ app_init ] --START--
INFO: Run Behavior\BuildLiteBehavior [ RunTime:0.000000s ]
INFO: [ app_init ] --END-- [ RunTime:0.054007s ]
INFO: [ app_begin ] --START--
INFO: Run Behavior\ReadHtmlCacheBehavior [ RunTime:0.002501s ]
INFO: [ app_begin ] --END-- [ RunTime:0.002501s ]
NOTIC: [8] Undefined index: id F:\webapp\Application\Home\Controller\UserController.class.php 第 1125 行.
SQL: SELECT * FROM att_privilege WHERE 1=1  [ RunTime:0.0710s ]

[ 2016-08-15T17:17:16+08:00 ] ::1 /index.php/Home/User/?action=privilege_list
INFO: [ app_init ] --START--
INFO: Run Behavior\BuildLiteBehavior [ RunTime:0.000000s ]
INFO: [ app_init ] --END-- [ RunTime:0.000500s ]
INFO: [ app_begin ] --START--
INFO: Run Behavior\ReadHtmlCacheBehavior [ RunTime:0.000500s ]
INFO: [ app_begin ] --END-- [ RunTime:0.000500s ]
NOTIC: [8] Undefined index: id F:\webapp\Application\Home\Controller\UserController.class.php 第 1125 行.
SQL: SELECT * FROM att_privilege WHERE 1=1  [ RunTime:0.0055s ]

[ 2016-08-15T19:24:24+08:00 ] 172.16.1.139 /index.php/Home/User/?action=privilege_list
INFO: [ app_init ] --START--
INFO: Run Behavior\BuildLiteBehavior [ RunTime:0.000000s ]
INFO: [ app_init ] --END-- [ RunTime:0.000000s ]
INFO: [ app_begin ] --START--
INFO: Run Behavior\ReadHtmlCacheBehavior [ RunTime:0.000500s ]
INFO: [ app_begin ] --END-- [ RunTime:0.000500s ]
NOTIC: [8] Undefined index: id F:\webapp\Application\Home\Controller\UserController.class.php 第 1125 行.
SQL: SELECT * FROM att_privilege WHERE 1=1  [ RunTime:0.0065s ]

