[ 2016-07-28T21:25:04+08:00 ] ::1 /?action=book_application
INFO: [ app_init ] --START--
INFO: Run Behavior\BuildLiteBehavior [ RunTime:0.000000s ]
INFO: [ app_init ] --END-- [ RunTime:0.075004s ]
INFO: [ app_begin ] --START--
INFO: Run Behavior\ReadHtmlCacheBehavior [ RunTime:0.001000s ]
INFO: [ app_begin ] --END-- [ RunTime:0.001000s ]
NOTIC: [8] Undefined index: isbn E:\project\webapp\Application\Home\Controller\IndexController.class.php 第 240 行.
NOTIC: [8] Undefined index: bookurl E:\project\webapp\Application\Home\Controller\IndexController.class.php 第 241 行.
NOTIC: [8] Undefined index: mobile E:\project\webapp\Application\Home\Controller\IndexController.class.php 第 242 行.
NOTIC: [8] Undefined index: purchase_reason E:\project\webapp\Application\Home\Controller\IndexController.class.php 第 243 行.
NOTIC: [8] Undefined index: userid E:\project\webapp\Application\Home\Controller\IndexController.class.php 第 244 行.
SQL: insert into book_apply(isbn,bookurl,mobile,purchase_reason,userid) values('','','','','') [ RunTime:0.0210s ]
INFO: [ app_end ] --START--
INFO: Run Behavior\ShowPageTraceBehavior [ RunTime:0.001000s ]
INFO: [ app_end ] --END-- [ RunTime:0.001000s ]

[ 2016-07-28T21:25:45+08:00 ] ::1 /?action=book_application
INFO: [ app_init ] --START--
INFO: Run Behavior\BuildLiteBehavior [ RunTime:0.000000s ]
INFO: [ app_init ] --END-- [ RunTime:0.000000s ]
INFO: [ app_begin ] --START--
INFO: Run Behavior\ReadHtmlCacheBehavior [ RunTime:0.000000s ]
INFO: [ app_begin ] --END-- [ RunTime:0.000000s ]
NOTIC: [8] Undefined index: isbn E:\project\webapp\Application\Home\Controller\IndexController.class.php 第 240 行.
NOTIC: [8] Undefined index: bookurl E:\project\webapp\Application\Home\Controller\IndexController.class.php 第 241 行.
NOTIC: [8] Undefined index: mobile E:\project\webapp\Application\Home\Controller\IndexController.class.php 第 242 行.
NOTIC: [8] Undefined index: purchase_reason E:\project\webapp\Application\Home\Controller\IndexController.class.php 第 243 行.
NOTIC: [8] Undefined index: userid E:\project\webapp\Application\Home\Controller\IndexController.class.php 第 244 行.
SQL: insert into book_apply(isbn,bookurl,mobile,purchase_reason,userid) values('','','','','') [ RunTime:0.0030s ]
INFO: [ app_end ] --START--
INFO: Run Behavior\ShowPageTraceBehavior [ RunTime:0.002000s ]
INFO: [ app_end ] --END-- [ RunTime:0.002000s ]

[ 2016-07-28T21:26:24+08:00 ] ::1 /?action=book_application
INFO: [ app_init ] --START--
INFO: Run Behavior\BuildLiteBehavior [ RunTime:0.000000s ]
INFO: [ app_init ] --END-- [ RunTime:0.001001s ]
INFO: [ app_begin ] --START--
INFO: Run Behavior\ReadHtmlCacheBehavior [ RunTime:0.001000s ]
INFO: [ app_begin ] --END-- [ RunTime:0.001000s ]
SQL: insert into book_apply(isbn,bookurl,mobile,purchase_reason,userid) values('123','123','123','123','linlicheng2009') [ RunTime:0.0030s ]
INFO: [ app_end ] --START--
INFO: Run Behavior\ShowPageTraceBehavior [ RunTime:0.000000s ]
INFO: [ app_end ] --END-- [ RunTime:0.000000s ]

[ 2016-07-28T21:26:49+08:00 ] ::1 /?action=book_application
INFO: [ app_init ] --START--
INFO: Run Behavior\BuildLiteBehavior [ RunTime:0.000000s ]
INFO: [ app_init ] --END-- [ RunTime:0.000000s ]
INFO: [ app_begin ] --START--
INFO: Run Behavior\ReadHtmlCacheBehavior [ RunTime:0.023001s ]
INFO: [ app_begin ] --END-- [ RunTime:0.023001s ]
ERR: SQLSTATE[42S22]: [Microsoft][SQL Server Native Client 11.0][SQL Server]列名 'checktimes' 无效。

[ 2016-07-28T21:27:31+08:00 ] ::1 /?action=book_application
INFO: [ app_init ] --START--
INFO: Run Behavior\BuildLiteBehavior [ RunTime:0.000000s ]
INFO: [ app_init ] --END-- [ RunTime:0.000000s ]
INFO: [ app_begin ] --START--
INFO: Run Behavior\ReadHtmlCacheBehavior [ RunTime:0.002000s ]
INFO: [ app_begin ] --END-- [ RunTime:0.002000s ]
SQL: insert into book_apply(isbn,bookurl,mobile,purchase_reason,userid,checktime) values('123','123','123','123','linlicheng2009',getdate()) [ RunTime:0.0110s ]
INFO: [ app_end ] --START--
INFO: Run Behavior\ShowPageTraceBehavior [ RunTime:0.000000s ]
INFO: [ app_end ] --END-- [ RunTime:0.000000s ]

[ 2016-07-28T21:30:53+08:00 ] ::1 /?action=book_application
INFO: [ app_init ] --START--
INFO: Run Behavior\BuildLiteBehavior [ RunTime:0.000000s ]
INFO: [ app_init ] --END-- [ RunTime:0.001000s ]
INFO: [ app_begin ] --START--
INFO: Run Behavior\ReadHtmlCacheBehavior [ RunTime:0.001000s ]
INFO: [ app_begin ] --END-- [ RunTime:0.001000s ]
NOTIC: [8] Undefined index: isbn10 E:\project\webapp\Application\Home\Controller\IndexController.class.php 第 252 行.
NOTIC: [8] Undefined index: isbn13 E:\project\webapp\Application\Home\Controller\IndexController.class.php 第 252 行.
SQL: insert into book_apply(isbn,bookurl,mobile,purchase_reason,userid,checktime) values('123','123','123','123','linlicheng2009',getdate()) [ RunTime:0.0040s ]
INFO: [ app_end ] --START--
INFO: Run Behavior\ShowPageTraceBehavior [ RunTime:0.003000s ]
INFO: [ app_end ] --END-- [ RunTime:0.003000s ]

[ 2016-07-28T21:30:54+08:00 ] ::1 /?action=book_application
INFO: [ app_init ] --START--
INFO: Run Behavior\BuildLiteBehavior [ RunTime:0.000000s ]
INFO: [ app_init ] --END-- [ RunTime:0.001000s ]
INFO: [ app_begin ] --START--
INFO: Run Behavior\ReadHtmlCacheBehavior [ RunTime:0.001000s ]
INFO: [ app_begin ] --END-- [ RunTime:0.001000s ]
NOTIC: [8] Undefined index: isbn10 E:\project\webapp\Application\Home\Controller\IndexController.class.php 第 252 行.
NOTIC: [8] Undefined index: isbn13 E:\project\webapp\Application\Home\Controller\IndexController.class.php 第 252 行.
SQL: insert into book_apply(isbn,bookurl,mobile,purchase_reason,userid,checktime) values('123','123','123','123','linlicheng2009',getdate()) [ RunTime:0.0030s ]
INFO: [ app_end ] --START--
INFO: Run Behavior\ShowPageTraceBehavior [ RunTime:0.000000s ]
INFO: [ app_end ] --END-- [ RunTime:0.000000s ]

[ 2016-07-28T21:31:10+08:00 ] ::1 /?action=book_application
INFO: [ app_init ] --START--
INFO: Run Behavior\BuildLiteBehavior [ RunTime:0.000000s ]
INFO: [ app_init ] --END-- [ RunTime:0.013001s ]
INFO: [ app_begin ] --START--
INFO: Run Behavior\ReadHtmlCacheBehavior [ RunTime:0.001000s ]
INFO: [ app_begin ] --END-- [ RunTime:0.001000s ]
NOTIC: [8] Undefined index: isbn10 E:\project\webapp\Application\Home\Controller\IndexController.class.php 第 252 行.
NOTIC: [8] Undefined index: isbn13 E:\project\webapp\Application\Home\Controller\IndexController.class.php 第 252 行.
SQL: insert into book_apply(isbn,bookurl,mobile,purchase_reason,userid,checktime) values('123','123','123','123','linlicheng2009',getdate()) [ RunTime:0.0040s ]
INFO: [ app_end ] --START--
INFO: Run Behavior\ShowPageTraceBehavior [ RunTime:0.001000s ]
INFO: [ app_end ] --END-- [ RunTime:0.001000s ]

[ 2016-07-28T21:31:49+08:00 ] ::1 /?action=book_application&isbn=9787111499756&bookurl=http://item.jd.com/11695859.html&mobile=15757118199&purchase_reason=%E5%9B%A0%E4%B8%BA%E5%AD%A6%E4%B9%A0%E9%9C%80%E8%A6%81&userid=linlicheng2009
INFO: [ app_init ] --START--
INFO: Run Behavior\BuildLiteBehavior [ RunTime:0.000000s ]
INFO: [ app_init ] --END-- [ RunTime:0.001001s ]
INFO: [ app_begin ] --START--
INFO: Run Behavior\ReadHtmlCacheBehavior [ RunTime:0.001000s ]
INFO: [ app_begin ] --END-- [ RunTime:0.001000s ]
NOTIC: [8] Undefined index: isbn E:\project\webapp\Application\Home\Controller\IndexController.class.php 第 240 行.
NOTIC: [8] Undefined index: bookurl E:\project\webapp\Application\Home\Controller\IndexController.class.php 第 241 行.
NOTIC: [8] Undefined index: mobile E:\project\webapp\Application\Home\Controller\IndexController.class.php 第 242 行.
NOTIC: [8] Undefined index: purchase_reason E:\project\webapp\Application\Home\Controller\IndexController.class.php 第 243 行.
NOTIC: [8] Undefined index: userid E:\project\webapp\Application\Home\Controller\IndexController.class.php 第 244 行.
NOTIC: [8] Undefined index: isbn10 E:\project\webapp\Application\Home\Controller\IndexController.class.php 第 252 行.
SQL: insert into book_apply(isbn,bookurl,mobile,purchase_reason,userid,checktime) values('','','','','',getdate()) [ RunTime:0.0040s ]
INFO: [ app_end ] --START--
INFO: Run Behavior\ShowPageTraceBehavior [ RunTime:0.001000s ]
INFO: [ app_end ] --END-- [ RunTime:0.002000s ]

[ 2016-07-28T21:32:00+08:00 ] ::1 /?action=book_application&isbn=&bookurl=http://item.jd.com/11695859.html&mobile=15757118199&purchase_reason=%E5%9B%A0%E4%B8%BA%E5%AD%A6%E4%B9%A0%E9%9C%80%E8%A6%81&userid=linlicheng2009
INFO: [ app_init ] --START--
INFO: Run Behavior\BuildLiteBehavior [ RunTime:0.000000s ]
INFO: [ app_init ] --END-- [ RunTime:0.005000s ]
INFO: [ app_begin ] --START--
INFO: Run Behavior\ReadHtmlCacheBehavior [ RunTime:0.000000s ]
INFO: [ app_begin ] --END-- [ RunTime:0.000000s ]
NOTIC: [8] Undefined index: isbn E:\project\webapp\Application\Home\Controller\IndexController.class.php 第 240 行.
NOTIC: [8] Undefined index: bookurl E:\project\webapp\Application\Home\Controller\IndexController.class.php 第 241 行.
NOTIC: [8] Undefined index: mobile E:\project\webapp\Application\Home\Controller\IndexController.class.php 第 242 行.
NOTIC: [8] Undefined index: purchase_reason E:\project\webapp\Application\Home\Controller\IndexController.class.php 第 243 行.
NOTIC: [8] Undefined index: userid E:\project\webapp\Application\Home\Controller\IndexController.class.php 第 244 行.
NOTIC: [8] Undefined index: isbn10 E:\project\webapp\Application\Home\Controller\IndexController.class.php 第 252 行.
SQL: insert into book_apply(isbn,bookurl,mobile,purchase_reason,userid,checktime) values('','','','','',getdate()) [ RunTime:0.0040s ]
INFO: [ app_end ] --START--
INFO: Run Behavior\ShowPageTraceBehavior [ RunTime:0.002000s ]
INFO: [ app_end ] --END-- [ RunTime:0.002000s ]

[ 2016-07-28T21:32:04+08:00 ] ::1 /?action=book_application&isbn=&bookurl=http://item.jd.com/11695859.html&mobile=15757118199&purchase_reason=%E5%9B%A0%E4%B8%BA%E5%AD%A6%E4%B9%A0%E9%9C%80%E8%A6%81&userid=linlicheng2009
INFO: [ app_init ] --START--
INFO: Run Behavior\BuildLiteBehavior [ RunTime:0.000000s ]
INFO: [ app_init ] --END-- [ RunTime:0.001000s ]
INFO: [ app_begin ] --START--
INFO: Run Behavior\ReadHtmlCacheBehavior [ RunTime:0.001000s ]
INFO: [ app_begin ] --END-- [ RunTime:0.002000s ]
NOTIC: [8] Undefined index: isbn E:\project\webapp\Application\Home\Controller\IndexController.class.php 第 240 行.
NOTIC: [8] Undefined index: bookurl E:\project\webapp\Application\Home\Controller\IndexController.class.php 第 241 行.
NOTIC: [8] Undefined index: mobile E:\project\webapp\Application\Home\Controller\IndexController.class.php 第 242 行.
NOTIC: [8] Undefined index: purchase_reason E:\project\webapp\Application\Home\Controller\IndexController.class.php 第 243 行.
NOTIC: [8] Undefined index: userid E:\project\webapp\Application\Home\Controller\IndexController.class.php 第 244 行.
NOTIC: [8] Undefined index: isbn10 E:\project\webapp\Application\Home\Controller\IndexController.class.php 第 252 行.
SQL: insert into book_apply(isbn,bookurl,mobile,purchase_reason,userid,checktime) values('','','','','',getdate()) [ RunTime:0.0030s ]
INFO: [ app_end ] --START--
INFO: Run Behavior\ShowPageTraceBehavior [ RunTime:0.002000s ]
INFO: [ app_end ] --END-- [ RunTime:0.002000s ]

[ 2016-07-28T21:33:03+08:00 ] ::1 /?action=book_application&isbn=&bookurl=http://item.jd.com/11695859.html&mobile=15757118199&purchase_reason=%E5%9B%A0%E4%B8%BA%E5%AD%A6%E4%B9%A0%E9%9C%80%E8%A6%81&userid=linlicheng2009
INFO: [ app_init ] --START--
INFO: Run Behavior\BuildLiteBehavior [ RunTime:0.000000s ]
INFO: [ app_init ] --END-- [ RunTime:0.001000s ]
INFO: [ app_begin ] --START--
INFO: Run Behavior\ReadHtmlCacheBehavior [ RunTime:0.001000s ]
INFO: [ app_begin ] --END-- [ RunTime:0.001000s ]
NOTIC: [8] Undefined index: isbn E:\project\webapp\Application\Home\Controller\IndexController.class.php 第 240 行.
NOTIC: [8] Undefined index: bookurl E:\project\webapp\Application\Home\Controller\IndexController.class.php 第 241 行.
NOTIC: [8] Undefined index: mobile E:\project\webapp\Application\Home\Controller\IndexController.class.php 第 242 行.
NOTIC: [8] Undefined index: purchase_reason E:\project\webapp\Application\Home\Controller\IndexController.class.php 第 243 行.
NOTIC: [8] Undefined index: userid E:\project\webapp\Application\Home\Controller\IndexController.class.php 第 244 行.
NOTIC: [8] Undefined index: isbn10 E:\project\webapp\Application\Home\Controller\IndexController.class.php 第 254 行.
INFO: [ app_end ] --START--
INFO: Run Behavior\ShowPageTraceBehavior [ RunTime:0.002000s ]
INFO: [ app_end ] --END-- [ RunTime:0.002000s ]

[ 2016-07-28T21:33:08+08:00 ] ::1 /?action=book_application&isbn=%E7%9A%84&bookurl=http://item.jd.com/11695859.html&mobile=15757118199&purchase_reason=%E5%9B%A0%E4%B8%BA%E5%AD%A6%E4%B9%A0%E9%9C%80%E8%A6%81&userid=linlicheng2009
INFO: [ app_init ] --START--
INFO: Run Behavior\BuildLiteBehavior [ RunTime:0.000000s ]
INFO: [ app_init ] --END-- [ RunTime:0.000000s ]
INFO: [ app_begin ] --START--
INFO: Run Behavior\ReadHtmlCacheBehavior [ RunTime:0.001000s ]
INFO: [ app_begin ] --END-- [ RunTime:0.001000s ]
NOTIC: [8] Undefined index: isbn E:\project\webapp\Application\Home\Controller\IndexController.class.php 第 240 行.
NOTIC: [8] Undefined index: bookurl E:\project\webapp\Application\Home\Controller\IndexController.class.php 第 241 行.
NOTIC: [8] Undefined index: mobile E:\project\webapp\Application\Home\Controller\IndexController.class.php 第 242 行.
NOTIC: [8] Undefined index: purchase_reason E:\project\webapp\Application\Home\Controller\IndexController.class.php 第 243 行.
NOTIC: [8] Undefined index: userid E:\project\webapp\Application\Home\Controller\IndexController.class.php 第 244 行.
NOTIC: [8] Undefined index: isbn10 E:\project\webapp\Application\Home\Controller\IndexController.class.php 第 254 行.
INFO: [ app_end ] --START--
INFO: Run Behavior\ShowPageTraceBehavior [ RunTime:0.001000s ]
INFO: [ app_end ] --END-- [ RunTime:0.002000s ]

[ 2016-07-28T21:33:29+08:00 ] ::1 /?action=book_application&isbn=%E7%9A%84&bookurl=http://item.jd.com/11695859.html&mobile=15757118199&purchase_reason=%E5%9B%A0%E4%B8%BA%E5%AD%A6%E4%B9%A0%E9%9C%80%E8%A6%81&userid=linlicheng2009
INFO: [ app_init ] --START--
INFO: Run Behavior\BuildLiteBehavior [ RunTime:0.000000s ]
INFO: [ app_init ] --END-- [ RunTime:0.000000s ]
INFO: [ app_begin ] --START--
INFO: Run Behavior\ReadHtmlCacheBehavior [ RunTime:0.001000s ]
INFO: [ app_begin ] --END-- [ RunTime:0.001000s ]
NOTIC: [8] Undefined index: isbn E:\project\webapp\Application\Home\Controller\IndexController.class.php 第 240 行.
NOTIC: [8] Undefined index: bookurl E:\project\webapp\Application\Home\Controller\IndexController.class.php 第 241 行.
NOTIC: [8] Undefined index: mobile E:\project\webapp\Application\Home\Controller\IndexController.class.php 第 242 行.
NOTIC: [8] Undefined index: purchase_reason E:\project\webapp\Application\Home\Controller\IndexController.class.php 第 243 行.
NOTIC: [8] Undefined index: userid E:\project\webapp\Application\Home\Controller\IndexController.class.php 第 244 行.
NOTIC: [8] Undefined index: isbn10 E:\project\webapp\Application\Home\Controller\IndexController.class.php 第 254 行.
INFO: [ app_end ] --START--
INFO: Run Behavior\ShowPageTraceBehavior [ RunTime:0.001000s ]
INFO: [ app_end ] --END-- [ RunTime:0.001000s ]

[ 2016-07-28T21:34:01+08:00 ] ::1 /?action=book_application&isbn=%E7%9A%84&bookurl=http://item.jd.com/11695859.html&mobile=15757118199&purchase_reason=%E5%9B%A0%E4%B8%BA%E5%AD%A6%E4%B9%A0%E9%9C%80%E8%A6%81&userid=linlicheng2009
INFO: [ app_init ] --START--
INFO: Run Behavior\BuildLiteBehavior [ RunTime:0.000000s ]
INFO: [ app_init ] --END-- [ RunTime:0.000000s ]
INFO: [ app_begin ] --START--
INFO: Run Behavior\ReadHtmlCacheBehavior [ RunTime:0.000000s ]
INFO: [ app_begin ] --END-- [ RunTime:0.000000s ]
NOTIC: [8] Undefined index: isbn10 E:\project\webapp\Application\Home\Controller\IndexController.class.php 第 254 行.
NOTIC: [8] Undefined index: isbn13 E:\project\webapp\Application\Home\Controller\IndexController.class.php 第 254 行.
INFO: [ app_end ] --START--
INFO: Run Behavior\ShowPageTraceBehavior [ RunTime:0.001000s ]
INFO: [ app_end ] --END-- [ RunTime:0.001000s ]

[ 2016-07-28T21:34:09+08:00 ] ::1 /?action=book_application&isbn=&bookurl=http://item.jd.com/11695859.html&mobile=15757118199&purchase_reason=%E5%9B%A0%E4%B8%BA%E5%AD%A6%E4%B9%A0%E9%9C%80%E8%A6%81&userid=linlicheng2009
INFO: [ app_init ] --START--
INFO: Run Behavior\BuildLiteBehavior [ RunTime:0.000000s ]
INFO: [ app_init ] --END-- [ RunTime:0.001000s ]
INFO: [ app_begin ] --START--
INFO: Run Behavior\ReadHtmlCacheBehavior [ RunTime:0.001000s ]
INFO: [ app_begin ] --END-- [ RunTime:0.001000s ]
NOTIC: [8] Undefined index: isbn10 E:\project\webapp\Application\Home\Controller\IndexController.class.php 第 254 行.
INFO: [ app_end ] --START--
INFO: Run Behavior\ShowPageTraceBehavior [ RunTime:0.002000s ]
INFO: [ app_end ] --END-- [ RunTime:0.002000s ]

[ 2016-07-28T21:34:13+08:00 ] ::1 /?action=book_application&isbn=%E5%8F%91%E7%94%9F%E7%9A%84&bookurl=http://item.jd.com/11695859.html&mobile=15757118199&purchase_reason=%E5%9B%A0%E4%B8%BA%E5%AD%A6%E4%B9%A0%E9%9C%80%E8%A6%81&userid=linlicheng2009
INFO: [ app_init ] --START--
INFO: Run Behavior\BuildLiteBehavior [ RunTime:0.000000s ]
INFO: [ app_init ] --END-- [ RunTime:0.001000s ]
INFO: [ app_begin ] --START--
INFO: Run Behavior\ReadHtmlCacheBehavior [ RunTime:0.001000s ]
INFO: [ app_begin ] --END-- [ RunTime:0.001000s ]
NOTIC: [8] Undefined index: isbn10 E:\project\webapp\Application\Home\Controller\IndexController.class.php 第 254 行.
NOTIC: [8] Undefined index: isbn13 E:\project\webapp\Application\Home\Controller\IndexController.class.php 第 254 行.
INFO: [ app_end ] --START--
INFO: Run Behavior\ShowPageTraceBehavior [ RunTime:0.002000s ]
INFO: [ app_end ] --END-- [ RunTime:0.002000s ]

[ 2016-07-28T21:34:37+08:00 ] ::1 /?action=book_application&isbn=123&bookurl=http://item.jd.com/11695859.html&mobile=15757118199&purchase_reason=%E5%9B%A0%E4%B8%BA%E5%AD%A6%E4%B9%A0%E9%9C%80%E8%A6%81&userid=linlicheng2009
INFO: [ app_init ] --START--
INFO: Run Behavior\BuildLiteBehavior [ RunTime:0.000000s ]
INFO: [ app_init ] --END-- [ RunTime:0.000000s ]
INFO: [ app_begin ] --START--
INFO: Run Behavior\ReadHtmlCacheBehavior [ RunTime:0.001000s ]
INFO: [ app_begin ] --END-- [ RunTime:0.001000s ]
NOTIC: [8] Undefined index: isbn10 E:\project\webapp\Application\Home\Controller\IndexController.class.php 第 256 行.
NOTIC: [8] Undefined index: isbn13 E:\project\webapp\Application\Home\Controller\IndexController.class.php 第 256 行.
INFO: [ app_end ] --START--
INFO: Run Behavior\ShowPageTraceBehavior [ RunTime:0.001000s ]
INFO: [ app_end ] --END-- [ RunTime:0.002000s ]

[ 2016-07-28T21:34:50+08:00 ] ::1 /?action=book_application&isbn=9787302346395&bookurl=http://item.jd.com/11695859.html&mobile=15757118199&purchase_reason=%E5%9B%A0%E4%B8%BA%E5%AD%A6%E4%B9%A0%E9%9C%80%E8%A6%81&userid=linlicheng2009
INFO: [ app_init ] --START--
INFO: Run Behavior\BuildLiteBehavior [ RunTime:0.000000s ]
INFO: [ app_init ] --END-- [ RunTime:0.001000s ]
INFO: [ app_begin ] --START--
INFO: Run Behavior\ReadHtmlCacheBehavior [ RunTime:0.001000s ]
INFO: [ app_begin ] --END-- [ RunTime:0.001000s ]
INFO: [ app_end ] --START--
INFO: Run Behavior\ShowPageTraceBehavior [ RunTime:0.003000s ]
INFO: [ app_end ] --END-- [ RunTime:0.004000s ]

[ 2016-07-28T21:36:51+08:00 ] ::1 /?action=book_application&isbn=9787302346395&bookurl=http://item.jd.com/11695859.html&mobile=15757118199&purchase_reason=%E5%9B%A0%E4%B8%BA%E5%AD%A6%E4%B9%A0%E9%9C%80%E8%A6%81&userid=linlicheng2009
INFO: [ app_init ] --START--
INFO: Run Behavior\BuildLiteBehavior [ RunTime:0.000000s ]
INFO: [ app_init ] --END-- [ RunTime:0.001000s ]
INFO: [ app_begin ] --START--
INFO: Run Behavior\ReadHtmlCacheBehavior [ RunTime:0.001000s ]
INFO: [ app_begin ] --END-- [ RunTime:0.001000s ]

[ 2016-07-28T21:37:26+08:00 ] ::1 /?action=book_application&isbn=9787302346395&bookurl=http://item.jd.com/11695859.html&mobile=15757118199&purchase_reason=%E5%9B%A0%E4%B8%BA%E5%AD%A6%E4%B9%A0%E9%9C%80%E8%A6%81&userid=linlicheng2009
INFO: [ app_init ] --START--
INFO: Run Behavior\BuildLiteBehavior [ RunTime:0.000000s ]
INFO: [ app_init ] --END-- [ RunTime:0.001000s ]
INFO: [ app_begin ] --START--
INFO: Run Behavior\ReadHtmlCacheBehavior [ RunTime:0.001000s ]
INFO: [ app_begin ] --END-- [ RunTime:0.001000s ]
INFO: [ app_end ] --START--
INFO: Run Behavior\ShowPageTraceBehavior [ RunTime:0.002000s ]
INFO: [ app_end ] --END-- [ RunTime:0.002000s ]

[ 2016-07-28T21:37:34+08:00 ] ::1 /?action=book_application&isbn=97873023463952&bookurl=http://item.jd.com/11695859.html&mobile=15757118199&purchase_reason=%E5%9B%A0%E4%B8%BA%E5%AD%A6%E4%B9%A0%E9%9C%80%E8%A6%81&userid=linlicheng2009
INFO: [ app_init ] --START--
INFO: Run Behavior\BuildLiteBehavior [ RunTime:0.000000s ]
INFO: [ app_init ] --END-- [ RunTime:0.001000s ]
INFO: [ app_begin ] --START--
INFO: Run Behavior\ReadHtmlCacheBehavior [ RunTime:0.001001s ]
INFO: [ app_begin ] --END-- [ RunTime:0.001001s ]
NOTIC: [8] Undefined index: isbn10 E:\project\webapp\Application\Home\Controller\IndexController.class.php 第 350 行.
NOTIC: [8] Undefined index: isbn13 E:\project\webapp\Application\Home\Controller\IndexController.class.php 第 350 行.
INFO: [ app_end ] --START--
INFO: Run Behavior\ShowPageTraceBehavior [ RunTime:0.001000s ]
INFO: [ app_end ] --END-- [ RunTime:0.003000s ]

[ 2016-07-28T21:37:37+08:00 ] ::1 /?action=book_application&isbn=9787302346395&bookurl=http://item.jd.com/11695859.html&mobile=15757118199&purchase_reason=%E5%9B%A0%E4%B8%BA%E5%AD%A6%E4%B9%A0%E9%9C%80%E8%A6%81&userid=linlicheng2009
INFO: [ app_init ] --START--
INFO: Run Behavior\BuildLiteBehavior [ RunTime:0.000000s ]
INFO: [ app_init ] --END-- [ RunTime:0.000000s ]
INFO: [ app_begin ] --START--
INFO: Run Behavior\ReadHtmlCacheBehavior [ RunTime:0.000000s ]
INFO: [ app_begin ] --END-- [ RunTime:0.001000s ]
INFO: [ app_end ] --START--
INFO: Run Behavior\ShowPageTraceBehavior [ RunTime:0.000000s ]
INFO: [ app_end ] --END-- [ RunTime:0.001000s ]

[ 2016-07-28T21:40:05+08:00 ] ::1 /?action=book_application&isbn=9787302346395&bookurl=http://item.jd.com/11695859.html&mobile=15757118199&purchase_reason=%E5%9B%A0%E4%B8%BA%E5%AD%A6%E4%B9%A0%E9%9C%80%E8%A6%81&userid=linlicheng2009
INFO: [ app_init ] --START--
INFO: Run Behavior\BuildLiteBehavior [ RunTime:0.000000s ]
INFO: [ app_init ] --END-- [ RunTime:0.000000s ]
INFO: [ app_begin ] --START--
INFO: Run Behavior\ReadHtmlCacheBehavior [ RunTime:0.001000s ]
INFO: [ app_begin ] --END-- [ RunTime:0.001000s ]
NOTIC: [8] Undefined index: btnswitch E:\project\webapp\Application\Home\Controller\IndexController.class.php 第 247 行.
INFO: [ app_end ] --START--
INFO: Run Behavior\ShowPageTraceBehavior [ RunTime:0.001000s ]
INFO: [ app_end ] --END-- [ RunTime:0.001000s ]

[ 2016-07-28T21:40:06+08:00 ] ::1 /?action=book_application&isbn=9787302346395&bookurl=http://item.jd.com/11695859.html&mobile=15757118199&purchase_reason=%E5%9B%A0%E4%B8%BA%E5%AD%A6%E4%B9%A0%E9%9C%80%E8%A6%81&userid=linlicheng2009
INFO: [ app_init ] --START--
INFO: Run Behavior\BuildLiteBehavior [ RunTime:0.000000s ]
INFO: [ app_init ] --END-- [ RunTime:0.001000s ]
INFO: [ app_begin ] --START--
INFO: Run Behavior\ReadHtmlCacheBehavior [ RunTime:0.001000s ]
INFO: [ app_begin ] --END-- [ RunTime:0.001000s ]
NOTIC: [8] Undefined index: btnswitch E:\project\webapp\Application\Home\Controller\IndexController.class.php 第 247 行.
INFO: [ app_end ] --START--
INFO: Run Behavior\ShowPageTraceBehavior [ RunTime:0.001000s ]
INFO: [ app_end ] --END-- [ RunTime:0.001000s ]

[ 2016-07-28T21:45:29+08:00 ] ::1 /?action=book_application
INFO: [ app_init ] --START--
INFO: Run Behavior\BuildLiteBehavior [ RunTime:0.000000s ]
INFO: [ app_init ] --END-- [ RunTime:0.000000s ]
INFO: [ app_begin ] --START--
INFO: Run Behavior\ReadHtmlCacheBehavior [ RunTime:0.001001s ]
INFO: [ app_begin ] --END-- [ RunTime:0.002001s ]
NOTIC: [8] Undefined index: isbn10 E:\project\webapp\Application\Home\Controller\IndexController.class.php 第 357 行.
NOTIC: [8] Undefined index: isbn10 E:\project\webapp\Application\Home\Controller\IndexController.class.php 第 357 行.
INFO: [ app_end ] --START--
INFO: Run Behavior\ShowPageTraceBehavior [ RunTime:0.002000s ]
INFO: [ app_end ] --END-- [ RunTime:0.002000s ]

[ 2016-07-28T21:45:54+08:00 ] ::1 /?action=book_application
INFO: [ app_init ] --START--
INFO: Run Behavior\BuildLiteBehavior [ RunTime:0.000000s ]
INFO: [ app_init ] --END-- [ RunTime:0.001000s ]
INFO: [ app_begin ] --START--
INFO: Run Behavior\ReadHtmlCacheBehavior [ RunTime:0.005000s ]
INFO: [ app_begin ] --END-- [ RunTime:0.005000s ]
NOTIC: [8] Undefined index: isbn10 E:\project\webapp\Application\Home\Controller\IndexController.class.php 第 349 行.
SQL: insert into book_apply(isbn,bookurl,mobile,purchase_reason,userid,checktime) values('','','','','linlicheng2009',getdate()) [ RunTime:0.0050s ]
INFO: [ app_end ] --START--
INFO: Run Behavior\ShowPageTraceBehavior [ RunTime:0.001000s ]
INFO: [ app_end ] --END-- [ RunTime:0.001000s ]

[ 2016-07-28T21:47:38+08:00 ] ::1 /?action=book_application
INFO: [ app_init ] --START--
INFO: Run Behavior\BuildLiteBehavior [ RunTime:0.000000s ]
INFO: [ app_init ] --END-- [ RunTime:0.001000s ]
INFO: [ app_begin ] --START--
INFO: Run Behavior\ReadHtmlCacheBehavior [ RunTime:0.001000s ]
INFO: [ app_begin ] --END-- [ RunTime:0.001000s ]
NOTIC: [8] Undefined index: isbn10 E:\project\webapp\Application\Home\Controller\IndexController.class.php 第 349 行.
NOTIC: [8] Undefined index: isbn13 E:\project\webapp\Application\Home\Controller\IndexController.class.php 第 349 行.
INFO: [ app_end ] --START--
INFO: Run Behavior\ShowPageTraceBehavior [ RunTime:0.001000s ]
INFO: [ app_end ] --END-- [ RunTime:0.001000s ]

[ 2016-07-28T21:47:44+08:00 ] ::1 /?action=book_application
INFO: [ app_init ] --START--
INFO: Run Behavior\BuildLiteBehavior [ RunTime:0.000000s ]
INFO: [ app_init ] --END-- [ RunTime:0.001000s ]
INFO: [ app_begin ] --START--
INFO: Run Behavior\ReadHtmlCacheBehavior [ RunTime:0.001000s ]
INFO: [ app_begin ] --END-- [ RunTime:0.001000s ]
NOTIC: [8] Undefined index: isbn10 E:\project\webapp\Application\Home\Controller\IndexController.class.php 第 349 行.
NOTIC: [8] Undefined index: isbn13 E:\project\webapp\Application\Home\Controller\IndexController.class.php 第 349 行.
INFO: [ app_end ] --START--
INFO: Run Behavior\ShowPageTraceBehavior [ RunTime:0.001000s ]
INFO: [ app_end ] --END-- [ RunTime:0.001000s ]

[ 2016-07-28T21:51:12+08:00 ] ::1 /?action=book_application
INFO: [ app_init ] --START--
INFO: Run Behavior\BuildLiteBehavior [ RunTime:0.000000s ]
INFO: [ app_init ] --END-- [ RunTime:0.001000s ]
INFO: [ app_begin ] --START--
INFO: Run Behavior\ReadHtmlCacheBehavior [ RunTime:0.000000s ]
INFO: [ app_begin ] --END-- [ RunTime:0.000000s ]
NOTIC: [8] Undefined index: isbn10 E:\project\webapp\Application\Home\Controller\IndexController.class.php 第 347 行.
NOTIC: [8] Undefined index: isbn13 E:\project\webapp\Application\Home\Controller\IndexController.class.php 第 347 行.
INFO: [ app_end ] --START--
INFO: Run Behavior\ShowPageTraceBehavior [ RunTime:0.002000s ]
INFO: [ app_end ] --END-- [ RunTime:0.002000s ]

[ 2016-07-28T21:51:59+08:00 ] ::1 /?action=book_application
INFO: [ app_init ] --START--
INFO: Run Behavior\BuildLiteBehavior [ RunTime:0.000000s ]
INFO: [ app_init ] --END-- [ RunTime:0.001000s ]
INFO: [ app_begin ] --START--
INFO: Run Behavior\ReadHtmlCacheBehavior [ RunTime:0.000000s ]
INFO: [ app_begin ] --END-- [ RunTime:0.001000s ]
NOTIC: [8] Undefined index: isbn10 E:\project\webapp\Application\Home\Controller\IndexController.class.php 第 347 行.
NOTIC: [8] Undefined index: isbn13 E:\project\webapp\Application\Home\Controller\IndexController.class.php 第 347 行.
INFO: [ app_end ] --START--
INFO: Run Behavior\ShowPageTraceBehavior [ RunTime:0.000000s ]
INFO: [ app_end ] --END-- [ RunTime:0.001000s ]

[ 2016-07-28T21:54:12+08:00 ] ::1 /?action=book_application
INFO: [ app_init ] --START--
INFO: Run Behavior\BuildLiteBehavior [ RunTime:0.000000s ]
INFO: [ app_init ] --END-- [ RunTime:0.001000s ]
INFO: [ app_begin ] --START--
INFO: Run Behavior\ReadHtmlCacheBehavior [ RunTime:0.001000s ]
INFO: [ app_begin ] --END-- [ RunTime:0.001000s ]
NOTIC: [8] Undefined index: isbn10 E:\project\webapp\Application\Home\Controller\IndexController.class.php 第 347 行.
NOTIC: [8] Undefined index: isbn13 E:\project\webapp\Application\Home\Controller\IndexController.class.php 第 347 行.
INFO: [ app_end ] --START--
INFO: Run Behavior\ShowPageTraceBehavior [ RunTime:0.000000s ]
INFO: [ app_end ] --END-- [ RunTime:0.000000s ]

[ 2016-07-28T21:57:40+08:00 ] ::1 /?action=book_application
INFO: [ app_init ] --START--
INFO: Run Behavior\BuildLiteBehavior [ RunTime:0.000000s ]
INFO: [ app_init ] --END-- [ RunTime:0.000000s ]
INFO: [ app_begin ] --START--
INFO: Run Behavior\ReadHtmlCacheBehavior [ RunTime:0.001000s ]
INFO: [ app_begin ] --END-- [ RunTime:0.001000s ]
NOTIC: [8] Undefined index: isbn10 E:\project\webapp\Application\Home\Controller\IndexController.class.php 第 347 行.
NOTIC: [8] Undefined index: isbn13 E:\project\webapp\Application\Home\Controller\IndexController.class.php 第 347 行.
INFO: [ app_end ] --START--
INFO: Run Behavior\ShowPageTraceBehavior [ RunTime:0.002000s ]
INFO: [ app_end ] --END-- [ RunTime:0.002000s ]

[ 2016-07-28T21:57:43+08:00 ] ::1 /?action=book_application
INFO: [ app_init ] --START--
INFO: Run Behavior\BuildLiteBehavior [ RunTime:0.000000s ]
INFO: [ app_init ] --END-- [ RunTime:0.001000s ]
INFO: [ app_begin ] --START--
INFO: Run Behavior\ReadHtmlCacheBehavior [ RunTime:0.000000s ]
INFO: [ app_begin ] --END-- [ RunTime:0.000000s ]
NOTIC: [8] Undefined index: isbn10 E:\project\webapp\Application\Home\Controller\IndexController.class.php 第 347 行.
NOTIC: [8] Undefined index: isbn13 E:\project\webapp\Application\Home\Controller\IndexController.class.php 第 347 行.
INFO: [ app_end ] --START--
INFO: Run Behavior\ShowPageTraceBehavior [ RunTime:0.001000s ]
INFO: [ app_end ] --END-- [ RunTime:0.001000s ]

[ 2016-07-28T22:01:32+08:00 ] ::1 /?action=book_application
INFO: [ app_init ] --START--
INFO: Run Behavior\BuildLiteBehavior [ RunTime:0.000000s ]
INFO: [ app_init ] --END-- [ RunTime:0.001000s ]
INFO: [ app_begin ] --START--
INFO: Run Behavior\ReadHtmlCacheBehavior [ RunTime:0.001000s ]
INFO: [ app_begin ] --END-- [ RunTime:0.001000s ]
NOTIC: [8] Undefined index: isbn10 E:\project\webapp\Application\Home\Controller\IndexController.class.php 第 347 行.
SQL: insert into book_apply(isbn,bookurl,mobile,purchase_reason,userid,checktime) values('','','','','linlicheng2009',getdate()) [ RunTime:0.0040s ]
INFO: [ app_end ] --START--
INFO: Run Behavior\ShowPageTraceBehavior [ RunTime:0.002001s ]
INFO: [ app_end ] --END-- [ RunTime:0.002001s ]

[ 2016-07-28T22:06:12+08:00 ] ::1 /?action=book_application
INFO: [ app_init ] --START--
INFO: Run Behavior\BuildLiteBehavior [ RunTime:0.000000s ]
INFO: [ app_init ] --END-- [ RunTime:0.000000s ]
INFO: [ app_begin ] --START--
INFO: Run Behavior\ReadHtmlCacheBehavior [ RunTime:0.000000s ]
INFO: [ app_begin ] --END-- [ RunTime:0.001000s ]
NOTIC: [8] Undefined index: isbn10 E:\project\webapp\Application\Home\Controller\IndexController.class.php 第 346 行.
SQL: insert into book_apply(isbn,bookurl,mobile,purchase_reason,userid,checktime) values('','','','','linlicheng2009',getdate()) [ RunTime:0.0030s ]
INFO: [ app_end ] --START--
INFO: Run Behavior\ShowPageTraceBehavior [ RunTime:0.002000s ]
INFO: [ app_end ] --END-- [ RunTime:0.002000s ]

[ 2016-07-28T22:10:30+08:00 ] ::1 /?action=book_application
INFO: [ app_init ] --START--
INFO: Run Behavior\BuildLiteBehavior [ RunTime:0.000000s ]
INFO: [ app_init ] --END-- [ RunTime:0.001000s ]
INFO: [ app_begin ] --START--
INFO: Run Behavior\ReadHtmlCacheBehavior [ RunTime:0.001000s ]
INFO: [ app_begin ] --END-- [ RunTime:0.001000s ]
NOTIC: [8] Undefined index: isbn10 E:\project\webapp\Application\Home\Controller\IndexController.class.php 第 346 行.
SQL: insert into book_apply(isbn,bookurl,mobile,purchase_reason,userid,checktime) values('','','','','linlicheng2009',getdate()) [ RunTime:0.0040s ]
INFO: [ app_end ] --START--
INFO: Run Behavior\ShowPageTraceBehavior [ RunTime:0.001000s ]
INFO: [ app_end ] --END-- [ RunTime:0.001000s ]

[ 2016-07-28T22:12:53+08:00 ] ::1 /?action=book_application
INFO: [ app_init ] --START--
INFO: Run Behavior\BuildLiteBehavior [ RunTime:0.000000s ]
INFO: [ app_init ] --END-- [ RunTime:0.000000s ]
INFO: [ app_begin ] --START--
INFO: Run Behavior\ReadHtmlCacheBehavior [ RunTime:0.002000s ]
INFO: [ app_begin ] --END-- [ RunTime:0.002000s ]
NOTIC: [8] Undefined index: isbn10 E:\project\webapp\Application\Home\Controller\IndexController.class.php 第 346 行.
NOTIC: [8] Undefined index: isbn13 E:\project\webapp\Application\Home\Controller\IndexController.class.php 第 346 行.
INFO: [ app_end ] --START--
INFO: Run Behavior\ShowPageTraceBehavior [ RunTime:0.001001s ]
INFO: [ app_end ] --END-- [ RunTime:0.001001s ]

[ 2016-07-28T22:14:01+08:00 ] ::1 /?action=book_application
INFO: [ app_init ] --START--
INFO: Run Behavior\BuildLiteBehavior [ RunTime:0.000000s ]
INFO: [ app_init ] --END-- [ RunTime:0.001000s ]
INFO: [ app_begin ] --START--
INFO: Run Behavior\ReadHtmlCacheBehavior [ RunTime:0.000000s ]
INFO: [ app_begin ] --END-- [ RunTime:0.000000s ]
NOTIC: [8] Undefined index: isbn10 E:\project\webapp\Application\Home\Controller\IndexController.class.php 第 346 行.
NOTIC: [8] Undefined index: isbn13 E:\project\webapp\Application\Home\Controller\IndexController.class.php 第 346 行.
INFO: [ app_end ] --START--
INFO: Run Behavior\ShowPageTraceBehavior [ RunTime:0.002000s ]
INFO: [ app_end ] --END-- [ RunTime:0.002000s ]

[ 2016-07-28T22:14:09+08:00 ] ::1 /?action=book_application
INFO: [ app_init ] --START--
INFO: Run Behavior\BuildLiteBehavior [ RunTime:0.000000s ]
INFO: [ app_init ] --END-- [ RunTime:0.001000s ]
INFO: [ app_begin ] --START--
INFO: Run Behavior\ReadHtmlCacheBehavior [ RunTime:0.001000s ]
INFO: [ app_begin ] --END-- [ RunTime:0.001000s ]
SQL: insert into book_apply(isbn,bookurl,mobile,purchase_reason,userid,checktime) values('9787302346395','12222222222','','111111111111111111111111','linlicheng2009',getdate()) [ RunTime:0.0200s ]
INFO: [ app_end ] --START--
INFO: Run Behavior\ShowPageTraceBehavior [ RunTime:0.001000s ]
INFO: [ app_end ] --END-- [ RunTime:0.001000s ]

[ 2016-07-28T22:17:50+08:00 ] ::1 /?action=book_application
INFO: [ app_init ] --START--
INFO: Run Behavior\BuildLiteBehavior [ RunTime:0.000000s ]
INFO: [ app_init ] --END-- [ RunTime:0.000000s ]
INFO: [ app_begin ] --START--
INFO: Run Behavior\ReadHtmlCacheBehavior [ RunTime:0.001000s ]
INFO: [ app_begin ] --END-- [ RunTime:0.001000s ]
NOTIC: [8] Undefined index: isbn10 E:\project\webapp\Application\Home\Controller\IndexController.class.php 第 346 行.
NOTIC: [8] Undefined index: isbn13 E:\project\webapp\Application\Home\Controller\IndexController.class.php 第 346 行.
INFO: [ app_end ] --START--
INFO: Run Behavior\ShowPageTraceBehavior [ RunTime:0.001000s ]
INFO: [ app_end ] --END-- [ RunTime:0.001000s ]

[ 2016-07-28T22:18:06+08:00 ] ::1 /?action=book_application
INFO: [ app_init ] --START--
INFO: Run Behavior\BuildLiteBehavior [ RunTime:0.001001s ]
INFO: [ app_init ] --END-- [ RunTime:0.002001s ]
INFO: [ app_begin ] --START--
INFO: Run Behavior\ReadHtmlCacheBehavior [ RunTime:0.001000s ]
INFO: [ app_begin ] --END-- [ RunTime:0.001000s ]
NOTIC: [8] Undefined index: isbn10 E:\project\webapp\Application\Home\Controller\IndexController.class.php 第 346 行.
NOTIC: [8] Undefined index: isbn13 E:\project\webapp\Application\Home\Controller\IndexController.class.php 第 346 行.
INFO: [ app_end ] --START--
INFO: Run Behavior\ShowPageTraceBehavior [ RunTime:0.000000s ]
INFO: [ app_end ] --END-- [ RunTime:0.000000s ]

[ 2016-07-28T22:18:15+08:00 ] ::1 /?action=book_application
INFO: [ app_init ] --START--
INFO: Run Behavior\BuildLiteBehavior [ RunTime:0.000000s ]
INFO: [ app_init ] --END-- [ RunTime:0.001000s ]
INFO: [ app_begin ] --START--
INFO: Run Behavior\ReadHtmlCacheBehavior [ RunTime:0.000000s ]
INFO: [ app_begin ] --END-- [ RunTime:0.001000s ]
SQL: insert into book_apply(isbn,bookurl,mobile,purchase_reason,userid,checktime) values('9787302346395','12','12','12','linlicheng2009',getdate()) [ RunTime:0.0030s ]
INFO: [ app_end ] --START--
INFO: Run Behavior\ShowPageTraceBehavior [ RunTime:0.001000s ]
INFO: [ app_end ] --END-- [ RunTime:0.001000s ]

[ 2016-07-28T22:18:16+08:00 ] ::1 /?action=book_application
INFO: [ app_init ] --START--
INFO: Run Behavior\BuildLiteBehavior [ RunTime:0.000000s ]
INFO: [ app_init ] --END-- [ RunTime:0.000000s ]
INFO: [ app_begin ] --START--
INFO: Run Behavior\ReadHtmlCacheBehavior [ RunTime:0.001001s ]
INFO: [ app_begin ] --END-- [ RunTime:0.001001s ]
SQL: insert into book_apply(isbn,bookurl,mobile,purchase_reason,userid,checktime) values('9787302346395','12','12','12','linlicheng2009',getdate()) [ RunTime:0.0030s ]
INFO: [ app_end ] --START--
INFO: Run Behavior\ShowPageTraceBehavior [ RunTime:0.000000s ]
INFO: [ app_end ] --END-- [ RunTime:0.000000s ]

[ 2016-07-28T22:18:18+08:00 ] ::1 /?action=book_application
INFO: [ app_init ] --START--
INFO: Run Behavior\BuildLiteBehavior [ RunTime:0.000000s ]
INFO: [ app_init ] --END-- [ RunTime:0.001001s ]
INFO: [ app_begin ] --START--
INFO: Run Behavior\ReadHtmlCacheBehavior [ RunTime:0.001000s ]
INFO: [ app_begin ] --END-- [ RunTime:0.001000s ]
SQL: insert into book_apply(isbn,bookurl,mobile,purchase_reason,userid,checktime) values('9787302346395','12','12','12','linlicheng2009',getdate()) [ RunTime:0.0030s ]
INFO: [ app_end ] --START--
INFO: Run Behavior\ShowPageTraceBehavior [ RunTime:0.001000s ]
INFO: [ app_end ] --END-- [ RunTime:0.001000s ]

[ 2016-07-28T22:18:30+08:00 ] ::1 /?action=book_application
INFO: [ app_init ] --START--
INFO: Run Behavior\BuildLiteBehavior [ RunTime:0.000000s ]
INFO: [ app_init ] --END-- [ RunTime:0.001000s ]
INFO: [ app_begin ] --START--
INFO: Run Behavior\ReadHtmlCacheBehavior [ RunTime:0.001000s ]
INFO: [ app_begin ] --END-- [ RunTime:0.001000s ]
SQL: insert into book_apply(isbn,bookurl,mobile,purchase_reason,userid,checktime) values('9787302346395','1','','1','linlicheng2009',getdate()) [ RunTime:0.0040s ]
INFO: [ app_end ] --START--
INFO: Run Behavior\ShowPageTraceBehavior [ RunTime:0.000000s ]
INFO: [ app_end ] --END-- [ RunTime:0.000000s ]

[ 2016-07-28T22:18:32+08:00 ] ::1 /?action=book_application
INFO: [ app_init ] --START--
INFO: Run Behavior\BuildLiteBehavior [ RunTime:0.000000s ]
INFO: [ app_init ] --END-- [ RunTime:0.000000s ]
INFO: [ app_begin ] --START--
INFO: Run Behavior\ReadHtmlCacheBehavior [ RunTime:0.000000s ]
INFO: [ app_begin ] --END-- [ RunTime:0.000000s ]
SQL: insert into book_apply(isbn,bookurl,mobile,purchase_reason,userid,checktime) values('9787302346395','1','','1','linlicheng2009',getdate()) [ RunTime:0.0040s ]
INFO: [ app_end ] --START--
INFO: Run Behavior\ShowPageTraceBehavior [ RunTime:0.001000s ]
INFO: [ app_end ] --END-- [ RunTime:0.001000s ]

[ 2016-07-28T22:19:53+08:00 ] ::1 /?action=book_application
INFO: [ app_init ] --START--
INFO: Run Behavior\BuildLiteBehavior [ RunTime:0.000000s ]
INFO: [ app_init ] --END-- [ RunTime:0.001000s ]
INFO: [ app_begin ] --START--
INFO: Run Behavior\ReadHtmlCacheBehavior [ RunTime:0.001000s ]
INFO: [ app_begin ] --END-- [ RunTime:0.001000s ]
NOTIC: [8] Undefined index: isbn10 E:\project\webapp\Application\Home\Controller\IndexController.class.php 第 346 行.
NOTIC: [8] Undefined index: isbn13 E:\project\webapp\Application\Home\Controller\IndexController.class.php 第 346 行.
INFO: [ app_end ] --START--
INFO: Run Behavior\ShowPageTraceBehavior [ RunTime:0.002000s ]
INFO: [ app_end ] --END-- [ RunTime:0.002000s ]

[ 2016-07-28T22:20:20+08:00 ] ::1 /?action=book_application
INFO: [ app_init ] --START--
INFO: Run Behavior\BuildLiteBehavior [ RunTime:0.000000s ]
INFO: [ app_init ] --END-- [ RunTime:0.000000s ]
INFO: [ app_begin ] --START--
INFO: Run Behavior\ReadHtmlCacheBehavior [ RunTime:0.000000s ]
INFO: [ app_begin ] --END-- [ RunTime:0.000000s ]
SQL: insert into book_apply(isbn,bookurl,mobile,purchase_reason,userid,checktime) values('9787302346395','111111111','1111','11111111','linlicheng2009',getdate()) [ RunTime:0.0040s ]
INFO: [ app_end ] --START--
INFO: Run Behavior\ShowPageTraceBehavior [ RunTime:0.001000s ]
INFO: [ app_end ] --END-- [ RunTime:0.001000s ]

[ 2016-07-28T22:20:41+08:00 ] ::1 /?action=book_application
INFO: [ app_init ] --START--
INFO: Run Behavior\BuildLiteBehavior [ RunTime:0.000000s ]
INFO: [ app_init ] --END-- [ RunTime:0.000000s ]
INFO: [ app_begin ] --START--
INFO: Run Behavior\ReadHtmlCacheBehavior [ RunTime:0.000000s ]
INFO: [ app_begin ] --END-- [ RunTime:0.001000s ]
NOTIC: [8] Undefined index: isbn10 E:\project\webapp\Application\Home\Controller\IndexController.class.php 第 346 行.
NOTIC: [8] Undefined index: isbn13 E:\project\webapp\Application\Home\Controller\IndexController.class.php 第 346 行.
INFO: [ app_end ] --START--
INFO: Run Behavior\ShowPageTraceBehavior [ RunTime:0.000000s ]
INFO: [ app_end ] --END-- [ RunTime:0.001000s ]

[ 2016-07-28T22:21:04+08:00 ] ::1 /?action=book_application
INFO: [ app_init ] --START--
INFO: Run Behavior\BuildLiteBehavior [ RunTime:0.000000s ]
INFO: [ app_init ] --END-- [ RunTime:0.001000s ]
INFO: [ app_begin ] --START--
INFO: Run Behavior\ReadHtmlCacheBehavior [ RunTime:0.001000s ]
INFO: [ app_begin ] --END-- [ RunTime:0.001000s ]
NOTIC: [8] Undefined index: isbn10 E:\project\webapp\Application\Home\Controller\IndexController.class.php 第 346 行.
NOTIC: [8] Undefined index: isbn13 E:\project\webapp\Application\Home\Controller\IndexController.class.php 第 346 行.
INFO: [ app_end ] --START--
INFO: Run Behavior\ShowPageTraceBehavior [ RunTime:0.001000s ]
INFO: [ app_end ] --END-- [ RunTime:0.001000s ]

[ 2016-07-28T22:21:12+08:00 ] ::1 /?action=book_application
INFO: [ app_init ] --START--
INFO: Run Behavior\BuildLiteBehavior [ RunTime:0.000000s ]
INFO: [ app_init ] --END-- [ RunTime:0.001000s ]
INFO: [ app_begin ] --START--
INFO: Run Behavior\ReadHtmlCacheBehavior [ RunTime:0.001000s ]
INFO: [ app_begin ] --END-- [ RunTime:0.002000s ]
SQL: insert into book_apply(isbn,bookurl,mobile,purchase_reason,userid,checktime) values('9787302346395','12','','12','linlicheng2009',getdate()) [ RunTime:0.0060s ]
INFO: [ app_end ] --START--
INFO: Run Behavior\ShowPageTraceBehavior [ RunTime:0.001000s ]
INFO: [ app_end ] --END-- [ RunTime:0.001000s ]

[ 2016-07-28T22:21:19+08:00 ] ::1 /?action=book_application
INFO: [ app_init ] --START--
INFO: Run Behavior\BuildLiteBehavior [ RunTime:0.000000s ]
INFO: [ app_init ] --END-- [ RunTime:0.000000s ]
INFO: [ app_begin ] --START--
INFO: Run Behavior\ReadHtmlCacheBehavior [ RunTime:0.000000s ]
INFO: [ app_begin ] --END-- [ RunTime:0.000000s ]
INFO: [ app_end ] --START--
INFO: Run Behavior\ShowPageTraceBehavior [ RunTime:0.002000s ]
INFO: [ app_end ] --END-- [ RunTime:0.002000s ]

[ 2016-07-28T22:21:27+08:00 ] ::1 /?action=book_application
INFO: [ app_init ] --START--
INFO: Run Behavior\BuildLiteBehavior [ RunTime:0.000000s ]
INFO: [ app_init ] --END-- [ RunTime:0.000000s ]
INFO: [ app_begin ] --START--
INFO: Run Behavior\ReadHtmlCacheBehavior [ RunTime:0.001000s ]
INFO: [ app_begin ] --END-- [ RunTime:0.001000s ]
INFO: [ app_end ] --START--
INFO: Run Behavior\ShowPageTraceBehavior [ RunTime:0.000000s ]
INFO: [ app_end ] --END-- [ RunTime:0.000000s ]

[ 2016-07-28T22:23:07+08:00 ] ::1 /?action=book_application
INFO: [ app_init ] --START--
INFO: Run Behavior\BuildLiteBehavior [ RunTime:0.000000s ]
INFO: [ app_init ] --END-- [ RunTime:0.001000s ]
INFO: [ app_begin ] --START--
INFO: Run Behavior\ReadHtmlCacheBehavior [ RunTime:0.001000s ]
INFO: [ app_begin ] --END-- [ RunTime:0.001000s ]
NOTIC: [8] Undefined index: isbn10 E:\project\webapp\Application\Home\Controller\IndexController.class.php 第 346 行.
NOTIC: [8] Undefined index: isbn13 E:\project\webapp\Application\Home\Controller\IndexController.class.php 第 346 行.
INFO: [ app_end ] --START--
INFO: Run Behavior\ShowPageTraceBehavior [ RunTime:0.001000s ]
INFO: [ app_end ] --END-- [ RunTime:0.001000s ]

[ 2016-07-28T22:23:14+08:00 ] ::1 /?action=book_application
INFO: [ app_init ] --START--
INFO: Run Behavior\BuildLiteBehavior [ RunTime:0.000000s ]
INFO: [ app_init ] --END-- [ RunTime:0.000000s ]
INFO: [ app_begin ] --START--
INFO: Run Behavior\ReadHtmlCacheBehavior [ RunTime:0.001001s ]
INFO: [ app_begin ] --END-- [ RunTime:0.001001s ]
SQL: insert into book_apply(isbn,bookurl,mobile,purchase_reason,userid,checktime) values('9787302346395','http://item.jd.com/11695859.html','','12','linlicheng2009',getdate()) [ RunTime:0.0040s ]
INFO: [ app_end ] --START--
INFO: Run Behavior\ShowPageTraceBehavior [ RunTime:0.000000s ]
INFO: [ app_end ] --END-- [ RunTime:0.000000s ]

[ 2016-07-28T22:23:21+08:00 ] ::1 /?action=book_application
INFO: [ app_init ] --START--
INFO: Run Behavior\BuildLiteBehavior [ RunTime:0.000000s ]
INFO: [ app_init ] --END-- [ RunTime:0.001000s ]
INFO: [ app_begin ] --START--
INFO: Run Behavior\ReadHtmlCacheBehavior [ RunTime:0.001000s ]
INFO: [ app_begin ] --END-- [ RunTime:0.001000s ]
SQL: insert into book_apply(isbn,bookurl,mobile,purchase_reason,userid,checktime) values('9787302346395','http://item.jd.com/11695859.html','1222222222','12','linlicheng2009',getdate()) [ RunTime:0.0040s ]
INFO: [ app_end ] --START--
INFO: Run Behavior\ShowPageTraceBehavior [ RunTime:0.000000s ]
INFO: [ app_end ] --END-- [ RunTime:0.000000s ]

[ 2016-07-28T22:23:27+08:00 ] ::1 /?action=book_application
INFO: [ app_init ] --START--
INFO: Run Behavior\BuildLiteBehavior [ RunTime:0.000000s ]
INFO: [ app_init ] --END-- [ RunTime:0.002000s ]
INFO: [ app_begin ] --START--
INFO: Run Behavior\ReadHtmlCacheBehavior [ RunTime:0.001000s ]
INFO: [ app_begin ] --END-- [ RunTime:0.001000s ]
SQL: insert into book_apply(isbn,bookurl,mobile,purchase_reason,userid,checktime) values('9787302346395','http://item.jd.com/11695859.html','1222222222','12','linlicheng2009',getdate()) [ RunTime:0.0030s ]
INFO: [ app_end ] --START--
INFO: Run Behavior\ShowPageTraceBehavior [ RunTime:0.001000s ]
INFO: [ app_end ] --END-- [ RunTime:0.001000s ]

[ 2016-07-28T22:23:35+08:00 ] ::1 /?action=book_application
INFO: [ app_init ] --START--
INFO: Run Behavior\BuildLiteBehavior [ RunTime:0.000000s ]
INFO: [ app_init ] --END-- [ RunTime:0.000000s ]
INFO: [ app_begin ] --START--
INFO: Run Behavior\ReadHtmlCacheBehavior [ RunTime:0.001000s ]
INFO: [ app_begin ] --END-- [ RunTime:0.001000s ]
SQL: insert into book_apply(isbn,bookurl,mobile,purchase_reason,userid,checktime) values('9787302346395','http://item.jd.com/11695859.html','','12','linlicheng2009',getdate()) [ RunTime:0.0030s ]
INFO: [ app_end ] --START--
INFO: Run Behavior\ShowPageTraceBehavior [ RunTime:0.001000s ]
INFO: [ app_end ] --END-- [ RunTime:0.002000s ]

[ 2016-07-28T22:23:43+08:00 ] ::1 /?action=book_application
INFO: [ app_init ] --START--
INFO: Run Behavior\BuildLiteBehavior [ RunTime:0.000000s ]
INFO: [ app_init ] --END-- [ RunTime:0.002001s ]
INFO: [ app_begin ] --START--
INFO: Run Behavior\ReadHtmlCacheBehavior [ RunTime:0.000000s ]
INFO: [ app_begin ] --END-- [ RunTime:0.000000s ]
SQL: insert into book_apply(isbn,bookurl,mobile,purchase_reason,userid,checktime) values('9787302346395','http://item.jd.com/11695859.html','1222222222','12','linlicheng2009',getdate()) [ RunTime:0.0030s ]
INFO: [ app_end ] --START--
INFO: Run Behavior\ShowPageTraceBehavior [ RunTime:0.001000s ]
INFO: [ app_end ] --END-- [ RunTime:0.001000s ]

[ 2016-07-28T22:23:48+08:00 ] ::1 /?action=book_application
INFO: [ app_init ] --START--
INFO: Run Behavior\BuildLiteBehavior [ RunTime:0.000000s ]
INFO: [ app_init ] --END-- [ RunTime:0.000000s ]
INFO: [ app_begin ] --START--
INFO: Run Behavior\ReadHtmlCacheBehavior [ RunTime:0.000000s ]
INFO: [ app_begin ] --END-- [ RunTime:0.000000s ]
SQL: insert into book_apply(isbn,bookurl,mobile,purchase_reason,userid,checktime) values('9787302346395','http://item.jd.com/11695859.html','12222222221','12','linlicheng2009',getdate()) [ RunTime:0.0030s ]
INFO: [ app_end ] --START--
INFO: Run Behavior\ShowPageTraceBehavior [ RunTime:0.000000s ]
INFO: [ app_end ] --END-- [ RunTime:0.000000s ]

[ 2016-07-28T22:23:50+08:00 ] ::1 /?action=book_application
INFO: [ app_init ] --START--
INFO: Run Behavior\BuildLiteBehavior [ RunTime:0.000000s ]
INFO: [ app_init ] --END-- [ RunTime:0.000000s ]
INFO: [ app_begin ] --START--
INFO: Run Behavior\ReadHtmlCacheBehavior [ RunTime:0.000000s ]
INFO: [ app_begin ] --END-- [ RunTime:0.000000s ]
SQL: insert into book_apply(isbn,bookurl,mobile,purchase_reason,userid,checktime) values('9787302346395','http://item.jd.com/11695859.html','12222222221','12','linlicheng2009',getdate()) [ RunTime:0.0030s ]
INFO: [ app_end ] --START--
INFO: Run Behavior\ShowPageTraceBehavior [ RunTime:0.001000s ]
INFO: [ app_end ] --END-- [ RunTime:0.001000s ]

[ 2016-07-28T22:23:53+08:00 ] ::1 /?action=book_application
INFO: [ app_init ] --START--
INFO: Run Behavior\BuildLiteBehavior [ RunTime:0.000000s ]
INFO: [ app_init ] --END-- [ RunTime:0.000000s ]
INFO: [ app_begin ] --START--
INFO: Run Behavior\ReadHtmlCacheBehavior [ RunTime:0.000000s ]
INFO: [ app_begin ] --END-- [ RunTime:0.000000s ]
SQL: insert into book_apply(isbn,bookurl,mobile,purchase_reason,userid,checktime) values('9787302346395','http://item.jd.com/11695859.html','12222222221','12','linlicheng2009',getdate()) [ RunTime:0.0030s ]
INFO: [ app_end ] --START--
INFO: Run Behavior\ShowPageTraceBehavior [ RunTime:0.001000s ]
INFO: [ app_end ] --END-- [ RunTime:0.001000s ]

[ 2016-07-28T22:37:13+08:00 ] ::1 /?action=book_application
INFO: [ app_init ] --START--
INFO: Run Behavior\BuildLiteBehavior [ RunTime:0.000000s ]
INFO: [ app_init ] --END-- [ RunTime:0.001000s ]
INFO: [ app_begin ] --START--
INFO: Run Behavior\ReadHtmlCacheBehavior [ RunTime:0.001000s ]
INFO: [ app_begin ] --END-- [ RunTime:0.001000s ]
SQL: insert into book_apply(isbn,bookurl,mobile,purchase_reason,userid,checktime) values('9787302346395','12','15757118199','因为部门学习需要，希望能够购书进行学习。','linlicheng2009',getdate()) [ RunTime:0.0040s ]
INFO: [ app_end ] --START--
INFO: Run Behavior\ShowPageTraceBehavior [ RunTime:0.001000s ]
INFO: [ app_end ] --END-- [ RunTime:0.001000s ]

[ 2016-07-28T22:37:16+08:00 ] ::1 /?action=book_application
INFO: [ app_init ] --START--
INFO: Run Behavior\BuildLiteBehavior [ RunTime:0.000000s ]
INFO: [ app_init ] --END-- [ RunTime:0.000000s ]
INFO: [ app_begin ] --START--
INFO: Run Behavior\ReadHtmlCacheBehavior [ RunTime:0.000000s ]
INFO: [ app_begin ] --END-- [ RunTime:0.000000s ]
SQL: insert into book_apply(isbn,bookurl,mobile,purchase_reason,userid,checktime) values('9787302346395','12','15757118199','因为部门学习需要，希望能够购书进行学习。','linlicheng2009',getdate()) [ RunTime:0.0080s ]
INFO: [ app_end ] --START--
INFO: Run Behavior\ShowPageTraceBehavior [ RunTime:0.001000s ]
INFO: [ app_end ] --END-- [ RunTime:0.001000s ]

[ 2016-07-28T22:37:27+08:00 ] ::1 /?action=book_application
INFO: [ app_init ] --START--
INFO: Run Behavior\BuildLiteBehavior [ RunTime:0.000000s ]
INFO: [ app_init ] --END-- [ RunTime:0.001000s ]
INFO: [ app_begin ] --START--
INFO: Run Behavior\ReadHtmlCacheBehavior [ RunTime:0.000000s ]
INFO: [ app_begin ] --END-- [ RunTime:0.000000s ]
SQL: insert into book_apply(isbn,bookurl,mobile,purchase_reason,userid,checktime) values('9787302346395','12','15757118199','因为部门学习需要，希望能够购书进行学习。','linlicheng2009',getdate()) [ RunTime:0.0030s ]
INFO: [ app_end ] --START--
INFO: Run Behavior\ShowPageTraceBehavior [ RunTime:0.001000s ]
INFO: [ app_end ] --END-- [ RunTime:0.001000s ]

[ 2016-07-28T22:39:10+08:00 ] ::1 /?action=book_application
INFO: [ app_init ] --START--
INFO: Run Behavior\BuildLiteBehavior [ RunTime:0.000000s ]
INFO: [ app_init ] --END-- [ RunTime:0.001000s ]
INFO: [ app_begin ] --START--
INFO: Run Behavior\ReadHtmlCacheBehavior [ RunTime:0.001000s ]
INFO: [ app_begin ] --END-- [ RunTime:0.001000s ]
NOTIC: [8] Undefined index: isbn10 E:\project\webapp\Application\Home\Controller\IndexController.class.php 第 346 行.
NOTIC: [8] Undefined index: isbn13 E:\project\webapp\Application\Home\Controller\IndexController.class.php 第 346 行.
INFO: [ app_end ] --START--
INFO: Run Behavior\ShowPageTraceBehavior [ RunTime:0.001000s ]
INFO: [ app_end ] --END-- [ RunTime:0.001000s ]

[ 2016-07-28T22:39:28+08:00 ] ::1 /?action=book_application
INFO: [ app_init ] --START--
INFO: Run Behavior\BuildLiteBehavior [ RunTime:0.000000s ]
INFO: [ app_init ] --END-- [ RunTime:0.000000s ]
INFO: [ app_begin ] --START--
INFO: Run Behavior\ReadHtmlCacheBehavior [ RunTime:0.001000s ]
INFO: [ app_begin ] --END-- [ RunTime:0.002000s ]
SQL: insert into book_apply(isbn,bookurl,mobile,purchase_reason,userid,checktime) values('9787302346395','123','12312341234','多大的韩国打电话给获得很高的对的好的好的打电话打电话的很多很多很多很好的','linlicheng2009',getdate()) [ RunTime:0.0040s ]
INFO: [ app_end ] --START--
INFO: Run Behavior\ShowPageTraceBehavior [ RunTime:0.001000s ]
INFO: [ app_end ] --END-- [ RunTime:0.001000s ]

