[ 2015-03-31T00:47:16+08:00 ] 127.0.0.1 /index
INFO: [ app_init ] --START--
INFO: Run Behavior\BuildLiteBehavior [ RunTime:0.000067s ]
INFO: [ app_init ] --END-- [ RunTime:0.001248s ]
ERR: 无法加载模块:Index

[ 2015-03-31T01:21:22+08:00 ] 127.0.0.1 /rest.svc/licensing?key=QUNIQ0E1RFBDUEg4OVI4VjhGWFpXRDI0QQ%3d%3d&time=2015%2d02%2d01%2017%3a30%3a05%20%2b800&version=8.2.1&build=1423&platform=pc&prod=Camtasia%20Studio&a=cec2ad1cf7584be13036f72d8244af12&sharedupdate=67158397-77D0-438F-9CC3-BA8284BE78F4
INFO: [ app_init ] --START--
INFO: Run Behavior\BuildLiteBehavior [ RunTime:0.000100s ]
INFO: [ app_init ] --END-- [ RunTime:0.006177s ]
ERR: 无法加载模块:Rest.svc

[ 2015-03-31T07:57:15+08:00 ] 127.0.0.1 /rest.svc/licensing?key=QUNIQ0E1RFBDUEg4OVI4VjhGWFpXRDI0QQ%3d%3d&time=2015%2d02%2d01%2017%3a30%3a05%20%2b800&version=8.2.1&build=1423&platform=pc&prod=Camtasia%20Studio&a=cec2ad1cf7584be13036f72d8244af12&sharedupdate=67158397-77D0-438F-9CC3-BA8284BE78F4
INFO: [ app_init ] --START--
INFO: Run Behavior\BuildLiteBehavior [ RunTime:0.000028s ]
INFO: [ app_init ] --END-- [ RunTime:0.000814s ]
ERR: 无法加载模块:Rest.svc

[ 2015-03-31T08:01:31+08:00 ] 127.0.0.1 /favicon.ico
INFO: [ app_init ] --START--
INFO: Run Behavior\BuildLiteBehavior [ RunTime:0.000035s ]
INFO: [ app_init ] --END-- [ RunTime:0.001009s ]
ERR: 无法加载模块:Favicon

[ 2015-03-31T08:01:31+08:00 ] 127.0.0.1 /favicon.ico
INFO: [ app_init ] --START--
INFO: Run Behavior\BuildLiteBehavior [ RunTime:0.000026s ]
INFO: [ app_init ] --END-- [ RunTime:0.000728s ]
ERR: 无法加载模块:Favicon

[ 2015-03-31T08:19:34+08:00 ] 127.0.0.1 /rest.svc/licensing?key=QUNIQ0E1RFBDUEg4OVI4VjhGWFpXRDI0QQ%3d%3d&time=2015%2d02%2d01%2017%3a30%3a05%20%2b800&version=8.2.1&build=1423&platform=pc&prod=Camtasia%20Studio&a=cec2ad1cf7584be13036f72d8244af12&sharedupdate=67158397-77D0-438F-9CC3-BA8284BE78F4
INFO: [ app_init ] --START--
INFO: Run Behavior\BuildLiteBehavior [ RunTime:0.000055s ]
INFO: [ app_init ] --END-- [ RunTime:0.002397s ]
ERR: 无法加载模块:Rest.svc

[ 2015-03-31T09:29:21+08:00 ] 127.0.0.1 /rest.svc/licensing?key=QUNIQ0E1RFBDUEg4OVI4VjhGWFpXRDI0QQ%3d%3d&time=2015%2d02%2d01%2017%3a30%3a05%20%2b800&version=8.2.1&build=1423&platform=pc&prod=Camtasia%20Studio&a=cec2ad1cf7584be13036f72d8244af12&sharedupdate=67158397-77D0-438F-9CC3-BA8284BE78F4
INFO: [ app_init ] --START--
INFO: Run Behavior\BuildLiteBehavior [ RunTime:0.000034s ]
INFO: [ app_init ] --END-- [ RunTime:0.009907s ]
ERR: 无法加载模块:Rest.svc

